0: 2023-12-19 05:08:37,677 INFO Training start!
0: 2023-12-19 05:08:37,680 INFO Training start!
0: 2023-12-19 05:08:37,687 INFO Training start!
0: 2023-12-19 05:08:37,702 INFO Training start!
0: use cifar 10use cifar 10
0: 
0: use cifar 10
0: use cifar 10
0: Files already downloaded and verified
0: Files already downloaded and verified
0: Files already downloaded and verified
0: Files already downloaded and verified
0: Files already downloaded and verified
0: Files already downloaded and verified
0: Files already downloaded and verified
0: Files already downloaded and verified
0: 2023-12-19 05:08:58,806 INFO distribute mode True
0: 2023-12-19 05:08:58,806 INFO CUDNN STATUS: True
0: 2023-12-19 05:08:58,806 INFO Number of GPUs: 4
0: 2023-12-19 05:08:58,807 INFO Start epoch 1/200
0: 2023-12-19 05:08:58,807 INFO distribute mode True
0: 2023-12-19 05:08:58,807 INFO CUDNN STATUS: True
0: 2023-12-19 05:08:58,807 INFO Number of GPUs: 4
0: 2023-12-19 05:08:58,807 INFO Start epoch 1/200
0: 2023-12-19 05:08:58,809 INFO distribute mode True
0: 2023-12-19 05:08:58,809 INFO CUDNN STATUS: True
0: 2023-12-19 05:08:58,809 INFO Number of GPUs: 4
0: 2023-12-19 05:08:58,809 INFO distribute mode True
0: 2023-12-19 05:08:58,809 INFO CUDNN STATUS: True
0: 2023-12-19 05:08:58,809 INFO Number of GPUs: 4
0: 2023-12-19 05:08:58,810 INFO Start epoch 1/200
0: 2023-12-19 05:08:58,810 INFO Start epoch 1/200
0: 2023-12-19 05:09:08,467 INFO Reducer buckets have been rebuilt in this iteration.
0: 2023-12-19 05:09:08,501 INFO Reducer buckets have been rebuilt in this iteration.
0: 2023-12-19 05:09:08,515 INFO Reducer buckets have been rebuilt in this iteration.
0: 2023-12-19 05:09:08,521 INFO Reducer buckets have been rebuilt in this iteration.
0: 2023-12-19 05:09:32,913 INFO Epoch 1/200, Loss: 2.298017917691594
0: Start epoch 1/200
0: Epoch 1/200, Loss: 2.298017917691594
0: 2023-12-19 05:09:32,913 INFO Epoch 1 training_seconds: 34.10215783119202
0: 2023-12-19 05:09:32,913 INFO Start epoch 2/200
0: 2023-12-19 05:09:32,922 INFO Epoch 1/200, Loss: 2.302471112107377
0: Start epoch 1/200
0: Epoch 1/200, Loss: 2.302471112107377
0: 2023-12-19 05:09:32,922 INFO Epoch 1 training_seconds: 34.11428356170654
0: 2023-12-19 05:09:32,922 INFO Start epoch 2/200
0: 2023-12-19 05:09:32,938 INFO Epoch 1/200, Loss: 2.3001467510867304
0: Start epoch 1/200
0: Epoch 1/200, Loss: 2.3001467510867304
0: 2023-12-19 05:09:32,938 INFO Epoch 1 training_seconds: 34.130291223526
0: 2023-12-19 05:09:32,939 INFO Start epoch 2/200
0: 2023-12-19 05:09:32,967 INFO Epoch 1/200, Loss: 2.305418091966673
0: Start epoch 1/200
0: Epoch 1/200, Loss: 2.305418091966673
0: 2023-12-19 05:09:32,968 INFO Epoch 1 training_seconds: 34.15738320350647
0: 2023-12-19 05:09:32,968 INFO Start epoch 2/200
0: 2023-12-19 05:09:59,061 INFO Epoch 2/200, Loss: 2.1574420169796173
0: Start epoch 2/200
0: Epoch 2/200, Loss: 2.1574420169796173
0: 2023-12-19 05:09:59,062 INFO Epoch 2 training_seconds: 26.138869285583496
0: 2023-12-19 05:09:59,062 INFO Start epoch 3/200
0: 2023-12-19 05:09:59,079 INFO Epoch 2/200, Loss: 2.148880517696176
0: Start epoch 2/200
0: Epoch 2/200, Loss: 2.148880517696176
0: 2023-12-19 05:09:59,079 INFO Epoch 2 training_seconds: 26.140191793441772
0: 2023-12-19 05:09:59,080 INFO Start epoch 3/200
0: 2023-12-19 05:09:59,106 INFO Epoch 2/200, Loss: 2.146458046210696
0: Start epoch 2/200
0: Epoch 2/200, Loss: 2.146458046210696
0: 2023-12-19 05:09:59,106 INFO Epoch 2 training_seconds: 26.137726545333862
0: 2023-12-19 05:09:59,106 INFO Start epoch 3/200
0: 2023-12-19 05:09:59,261 INFO Epoch 2/200, Loss: 2.153255172092896
0: Start epoch 2/200
0: Epoch 2/200, Loss: 2.153255172092896
0: 2023-12-19 05:09:59,261 INFO Epoch 2 training_seconds: 26.34718418121338
0: 2023-12-19 05:09:59,261 INFO Start epoch 3/200
0: 2023-12-19 05:10:25,356 INFO Epoch 3/200, Loss: 2.0686552570299113
0: Start epoch 3/200
0: Epoch 3/200, Loss: 2.0686552570299113
0: 2023-12-19 05:10:25,356 INFO Epoch 3 training_seconds: 26.275787115097046
0: 2023-12-19 05:10:25,356 INFO Start epoch 4/200
0: 2023-12-19 05:10:25,364 INFO Epoch 3/200, Loss: 2.0645270353692875
0: Start epoch 3/200
0: Epoch 3/200, Loss: 2.0645270353692875
0: 2023-12-19 05:10:25,365 INFO Epoch 3 training_seconds: 26.25783896446228
0: 2023-12-19 05:10:25,365 INFO Start epoch 4/200
0: 2023-12-19 05:10:25,373 INFO Epoch 3/200, Loss: 2.0769408691264784
0: Start epoch 3/200
0: Epoch 3/200, Loss: 2.0769408691264784
0: 2023-12-19 05:10:25,373 INFO Epoch 3 training_seconds: 26.111061096191406
0: 2023-12-19 05:10:25,373 INFO Start epoch 4/200
0: 2023-12-19 05:10:25,404 INFO Epoch 3/200, Loss: 2.083058277054516
0: Start epoch 3/200
0: Epoch 3/200, Loss: 2.083058277054516
0: 2023-12-19 05:10:25,405 INFO Epoch 3 training_seconds: 26.34195566177368
0: 2023-12-19 05:10:25,405 INFO Start epoch 4/200
0: 2023-12-19 05:10:51,321 INFO Epoch 4/200, Loss: 2.052153637647019
0: Start epoch 4/200
0: Epoch 4/200, Loss: 2.052153637647019
0: 2023-12-19 05:10:51,322 INFO Epoch 4 training_seconds: 25.916213512420654
0: 2023-12-19 05:10:51,322 INFO Start epoch 5/200
0: 2023-12-19 05:10:51,346 INFO Epoch 4/200, Loss: 2.038747566740226
0: Start epoch 4/200
0: Epoch 4/200, Loss: 2.038747566740226
0: 2023-12-19 05:10:51,346 INFO Epoch 4 training_seconds: 25.9802565574646
0: 2023-12-19 05:10:51,346 INFO Start epoch 5/200
0: 2023-12-19 05:10:51,355 INFO Epoch 4/200, Loss: 2.048560776369041
0: Start epoch 4/200
0: Epoch 4/200, Loss: 2.048560776369041
0: 2023-12-19 05:10:51,356 INFO Epoch 4 training_seconds: 25.981916189193726
0: 2023-12-19 05:10:51,356 INFO Start epoch 5/200
0: 2023-12-19 05:10:51,900 INFO Epoch 4/200, Loss: 2.038349098866553
0: Start epoch 4/200
0: Epoch 4/200, Loss: 2.038349098866553
0: 2023-12-19 05:10:51,900 INFO Epoch 4 training_seconds: 26.54339051246643
0: 2023-12-19 05:10:51,901 INFO Start epoch 5/200
0: 2023-12-19 05:11:17,383 INFO Epoch 5/200, Loss: 2.027464747428894
0: Start epoch 5/200
0: Epoch 5/200, Loss: 2.027464747428894
0: 2023-12-19 05:11:17,383 INFO Epoch 5 training_seconds: 25.48158288002014
0: 2023-12-19 05:11:17,383 INFO Start epoch 6/200
0: 2023-12-19 05:11:18,015 INFO Epoch 5/200, Loss: 2.0371315939652037
0: Start epoch 5/200
0: Epoch 5/200, Loss: 2.0371315939652037
0: 2023-12-19 05:11:18,015 INFO Epoch 5 training_seconds: 26.692357540130615
0: 2023-12-19 05:11:18,015 INFO Start epoch 6/200
0: 2023-12-19 05:11:18,034 INFO Epoch 5/200, Loss: 2.03314620850946
0: Start epoch 5/200
0: Epoch 5/200, Loss: 2.03314620850946
0: 2023-12-19 05:11:18,034 INFO Epoch 5 training_seconds: 26.677206993103027
0: 2023-12-19 05:11:18,034 INFO Start epoch 6/200
0: 2023-12-19 05:11:18,054 INFO Epoch 5/200, Loss: 2.0191478625587793
0: Start epoch 5/200
0: Epoch 5/200, Loss: 2.0191478625587793
0: 2023-12-19 05:11:18,054 INFO Epoch 5 training_seconds: 26.707197427749634
0: 2023-12-19 05:11:18,054 INFO Start epoch 6/200
0: 2023-12-19 05:11:43,341 INFO Epoch 6/200, Loss: 2.0104011285030627
0: Start epoch 6/200
0: Epoch 6/200, Loss: 2.0104011285030627
0: 2023-12-19 05:11:43,342 INFO Epoch 6 training_seconds: 25.286756992340088
0: 2023-12-19 05:11:43,342 INFO Start epoch 7/200
0: 2023-12-19 05:11:43,351 INFO Epoch 6/200, Loss: 2.0231398017815008
0: Start epoch 6/200
0: Epoch 6/200, Loss: 2.0231398017815008
0: 2023-12-19 05:11:43,352 INFO Epoch 6 training_seconds: 25.31698441505432
0: 2023-12-19 05:11:43,352 INFO Start epoch 7/200
0: 2023-12-19 05:11:43,358 INFO Epoch 6/200, Loss: 2.0281605799789624
0: Start epoch 6/200
0: Epoch 6/200, Loss: 2.0281605799789624
0: 2023-12-19 05:11:43,358 INFO Epoch 6 training_seconds: 25.342223644256592
0: 2023-12-19 05:11:43,358 INFO Start epoch 7/200
0: 2023-12-19 05:11:43,367 INFO Epoch 6/200, Loss: 2.0159193195040572
0: Start epoch 6/200
0: Epoch 6/200, Loss: 2.0159193195040572
0: 2023-12-19 05:11:43,368 INFO Epoch 6 training_seconds: 25.983577728271484
0: 2023-12-19 05:11:43,368 INFO Start epoch 7/200
0: 2023-12-19 05:12:09,274 INFO Epoch 7/200, Loss: 1.9990466848358779
0: 2023-12-19 05:12:09,274 INFO Epoch 7/200, Loss: 2.0173053396937184
0: Start epoch 7/200
0: Epoch 7/200, Loss: 1.9990466848358779
0: Start epoch 7/200
0: 
0: Epoch 7/200, Loss: 2.0173053396937184
0: 2023-12-19 05:12:09,274 INFO Epoch 7 training_seconds: 25.93139100074768
0: 2023-12-19 05:12:09,274 INFO Epoch 7 training_seconds: 25.91499376296997
0: 2023-12-19 05:12:09,274 INFO Start epoch 8/200
0: 2023-12-19 05:12:09,274 INFO Start epoch 8/200
0: 2023-12-19 05:12:09,289 INFO Epoch 7/200, Loss: 2.0118835493731684
0: Start epoch 7/200
0: Epoch 7/200, Loss: 2.0118835493731684
0: 2023-12-19 05:12:09,290 INFO Epoch 7 training_seconds: 25.937033891677856
0: 2023-12-19 05:12:09,290 INFO Start epoch 8/200
0: 2023-12-19 05:12:09,335 INFO Epoch 7/200, Loss: 2.002991902248939
0: Start epoch 7/200
0: Epoch 7/200, Loss: 2.002991902248939
0: 2023-12-19 05:12:09,335 INFO Epoch 7 training_seconds: 25.966874837875366
0: 2023-12-19 05:12:09,335 INFO Start epoch 8/200
0: 2023-12-19 05:12:35,876 INFO Epoch 8/200, Loss: 2.005921218706214
0: Start epoch 8/200
0: Epoch 8/200, Loss: 2.005921218706214
0: 2023-12-19 05:12:35,877 INFO Epoch 8 training_seconds: 26.58586883544922
0: 2023-12-19 05:12:35,877 INFO Start epoch 9/200
0: 2023-12-19 05:12:35,886 INFO Epoch 8/200, Loss: 1.9954533028175763
0: Start epoch 8/200
0: Epoch 8/200, Loss: 1.9954533028175763
0: 2023-12-19 05:12:35,886 INFO Epoch 8 training_seconds: 26.550241947174072
0: 2023-12-19 05:12:35,886 INFO Start epoch 9/200
0: 2023-12-19 05:12:35,902 INFO Epoch 8/200, Loss: 2.0064522381633747
0: Start epoch 8/200
0: Epoch 8/200, Loss: 2.0064522381633747
0: 2023-12-19 05:12:35,902 INFO Epoch 8 training_seconds: 26.62699246406555
0: 2023-12-19 05:12:35,902 INFO Start epoch 9/200
0: 2023-12-19 05:12:35,904 INFO Epoch 8/200, Loss: 1.9896942249039555
0: Start epoch 8/200
0: Epoch 8/200, Loss: 1.9896942249039555
0: 2023-12-19 05:12:35,904 INFO Epoch 8 training_seconds: 26.62933039665222
0: 2023-12-19 05:12:35,904 INFO Start epoch 9/200
0: 2023-12-19 05:13:01,271 INFO Epoch 9/200, Loss: 1.9877536177940076
0: Start epoch 9/200
0: Epoch 9/200, Loss: 1.9877536177940076
0: 2023-12-19 05:13:01,273 INFO Epoch 9 training_seconds: 25.38413381576538
0: 2023-12-19 05:13:01,273 INFO Start epoch 10/200
0: 2023-12-19 05:13:01,273 INFO Epoch 9/200, Loss: 1.998531238807132
0: Start epoch 9/200
0: Epoch 9/200, Loss: 1.998531238807132
0: 2023-12-19 05:13:01,273 INFO Epoch 9 training_seconds: 25.370280027389526
0: 2023-12-19 05:13:01,273 INFO Start epoch 10/200
0: 2023-12-19 05:13:01,305 INFO Epoch 9/200, Loss: 1.9938056511647255
0: Start epoch 9/200
0: Epoch 9/200, Loss: 1.9938056511647255
0: 2023-12-19 05:13:01,306 INFO Epoch 9 training_seconds: 25.428093910217285
0: 2023-12-19 05:13:01,306 INFO Start epoch 10/200
0: 2023-12-19 05:13:01,346 INFO Epoch 9/200, Loss: 1.978871072954534
0: Start epoch 9/200
0: Epoch 9/200, Loss: 1.978871072954534
0: 2023-12-19 05:13:01,346 INFO Epoch 9 training_seconds: 25.440733432769775
0: 2023-12-19 05:13:01,346 INFO Start epoch 10/200
0: 2023-12-19 05:13:26,750 INFO Epoch 10/200, Loss: 1.9691861313017434
0: 2023-12-19 05:13:26,751 INFO Epoch 10/200, Loss: 1.985271398368699
0: Start epoch 10/200
0: Epoch 10/200, Loss: 1.9691861313017434Start epoch 10/200
0: 
0: Epoch 10/200, Loss: 1.985271398368699
0: 2023-12-19 05:13:26,752 INFO Epoch 10 training_seconds: 25.403262853622437
0: 2023-12-19 05:13:26,752 INFO Epoch 10 training_seconds: 25.44497275352478
0: 2023-12-19 05:13:26,752 INFO Start epoch 11/200
0: 2023-12-19 05:13:26,752 INFO Start epoch 11/200
0: 2023-12-19 05:13:26,790 INFO Epoch 10/200, Loss: 1.9781897894256866
0: Start epoch 10/200
0: Epoch 10/200, Loss: 1.9781897894256866
0: 2023-12-19 05:13:26,790 INFO Epoch 10 training_seconds: 25.516616821289062
0: 2023-12-19 05:13:26,790 INFO Start epoch 11/200
0: 2023-12-19 05:13:26,807 INFO Epoch 10/200, Loss: 1.9846730954811702
0: Start epoch 10/200
0: Epoch 10/200, Loss: 1.9846730954811702
0: 2023-12-19 05:13:26,807 INFO Epoch 10 training_seconds: 25.532960176467896
0: 2023-12-19 05:13:26,807 INFO Start epoch 11/200
0: 2023-12-19 05:13:52,122 INFO Epoch 11/200, Loss: 1.9783860460266738
0: Start epoch 11/200
0: Epoch 11/200, Loss: 1.9783860460266738
0: 2023-12-19 05:13:52,124 INFO Epoch 11 training_seconds: 25.368963479995728
0: 2023-12-19 05:13:52,124 INFO Start epoch 12/200
0: 2023-12-19 05:13:52,141 INFO Epoch 11/200, Loss: 1.9658669986383384
0: Start epoch 11/200
0: Epoch 11/200, Loss: 1.9658669986383384
0: 2023-12-19 05:13:52,141 INFO Epoch 11 training_seconds: 25.349974870681763
0: 2023-12-19 05:13:52,141 INFO Start epoch 12/200
0: 2023-12-19 05:13:52,157 INFO Epoch 11/200, Loss: 1.9786954441338853
0: Start epoch 11/200
0: Epoch 11/200, Loss: 1.9786954441338853
0: 2023-12-19 05:13:52,157 INFO Epoch 11 training_seconds: 25.348974227905273
0: 2023-12-19 05:13:52,157 INFO Start epoch 12/200
0: 2023-12-19 05:13:52,186 INFO Epoch 11/200, Loss: 1.9597148343425272
0: Start epoch 11/200
0: Epoch 11/200, Loss: 1.9597148343425272
0: 2023-12-19 05:13:52,186 INFO Epoch 11 training_seconds: 25.432815074920654
0: 2023-12-19 05:13:52,186 INFO Start epoch 12/200
0: 2023-12-19 05:14:17,595 INFO Epoch 12/200, Loss: 1.9477126137984684
0: Start epoch 12/200
0: Epoch 12/200, Loss: 1.9477126137984684
0: 2023-12-19 05:14:17,597 INFO Epoch 12 training_seconds: 25.408419609069824
0: 2023-12-19 05:14:17,597 INFO Start epoch 13/200
0: 2023-12-19 05:14:17,607 INFO Epoch 12/200, Loss: 1.9660530498875377
0: Start epoch 12/200
0: Epoch 12/200, Loss: 1.9660530498875377
0: 2023-12-19 05:14:17,607 INFO Epoch 12 training_seconds: 25.48263168334961
0: 2023-12-19 05:14:17,607 INFO Start epoch 13/200
0: 2023-12-19 05:14:17,622 INFO Epoch 12/200, Loss: 1.9691185829279674
0: Start epoch 12/200
0: Epoch 12/200, Loss: 1.9691185829279674
0: 2023-12-19 05:14:17,622 INFO Epoch 12 training_seconds: 25.46445655822754
0: 2023-12-19 05:14:17,622 INFO Start epoch 13/200
0: 2023-12-19 05:14:17,637 INFO Epoch 12/200, Loss: 1.9589339403240271
0: Start epoch 12/200
0: Epoch 12/200, Loss: 1.9589339403240271
0: 2023-12-19 05:14:17,638 INFO Epoch 12 training_seconds: 25.495893955230713
0: 2023-12-19 05:14:17,638 INFO Start epoch 13/200
0: 2023-12-19 05:14:42,827 INFO Epoch 13/200, Loss: 1.946346363448121
0: Start epoch 13/200
0: Epoch 13/200, Loss: 1.946346363448121
0: 2023-12-19 05:14:42,829 INFO Epoch 13 training_seconds: 25.18880319595337
0: 2023-12-19 05:14:42,829 INFO Start epoch 14/200
0: 2023-12-19 05:14:42,927 INFO Epoch 13/200, Loss: 1.9611156047762508
0: Start epoch 13/200
0: Epoch 13/200, Loss: 1.9611156047762508
0: 2023-12-19 05:14:42,927 INFO Epoch 13 training_seconds: 25.304045915603638
0: 2023-12-19 05:14:42,927 INFO Start epoch 14/200
0: 2023-12-19 05:14:43,042 INFO Epoch 13/200, Loss: 1.9390869317457193
0: Start epoch 13/200
0: Epoch 13/200, Loss: 1.9390869317457193
0: 2023-12-19 05:14:43,042 INFO Epoch 13 training_seconds: 25.444178104400635
0: 2023-12-19 05:14:43,042 INFO Start epoch 14/200
0: 2023-12-19 05:14:43,450 INFO Epoch 13/200, Loss: 1.9577846716127127
0: Start epoch 13/200
0: Epoch 13/200, Loss: 1.9577846716127127
0: 2023-12-19 05:14:43,450 INFO Epoch 13 training_seconds: 25.841832637786865
0: 2023-12-19 05:14:43,450 INFO Start epoch 14/200
0: 2023-12-19 05:15:08,538 INFO Epoch 14/200, Loss: 1.9357251654500547
0: Start epoch 14/200
0: Epoch 14/200, Loss: 1.9357251654500547
0: 2023-12-19 05:15:08,539 INFO Epoch 14 training_seconds: 25.49518918991089
0: 2023-12-19 05:15:08,539 INFO Start epoch 15/200
0: 2023-12-19 05:15:09,015 INFO Epoch 14/200, Loss: 1.9477329132197154
0: Start epoch 14/200
0: Epoch 14/200, Loss: 1.9477329132197154
0: 2023-12-19 05:15:09,016 INFO Epoch 14 training_seconds: 25.564801454544067
0: 2023-12-19 05:15:09,016 INFO Epoch 14/200, Loss: 1.9524843537289163
0: Start epoch 14/200
0: Epoch 14/200, Loss: 1.9524843537289163
0: 2023-12-19 05:15:09,016 INFO Epoch 14 training_seconds: 26.087028980255127
0: 2023-12-19 05:15:09,016 INFO Start epoch 15/200
0: 2023-12-19 05:15:09,017 INFO Epoch 14/200, Loss: 1.9442694763393353
0: Start epoch 14/200
0: Epoch 14/200, Loss: 1.9442694763393353
0: 2023-12-19 05:15:09,017 INFO Epoch 14 training_seconds: 26.186899423599243
0: 2023-12-19 05:15:09,017 INFO Start epoch 15/200
0: 2023-12-19 05:15:09,016 INFO Start epoch 15/200
0: 2023-12-19 05:15:34,430 INFO Epoch 15/200, Loss: 1.9443285635975012
0: Start epoch 15/200
0: Epoch 15/200, Loss: 1.9443285635975012
0: 2023-12-19 05:15:34,431 INFO Epoch 15 training_seconds: 25.413529872894287
0: 2023-12-19 05:15:34,431 INFO Start epoch 16/200
0: 2023-12-19 05:15:34,454 INFO Epoch 15/200, Loss: 1.933343908366035
0: Start epoch 15/200
0: Epoch 15/200, Loss: 1.933343908366035
0: 2023-12-19 05:15:34,454 INFO Epoch 15 training_seconds: 25.436511993408203
0: 2023-12-19 05:15:34,454 INFO Start epoch 16/200
0: 2023-12-19 05:15:34,473 INFO Epoch 15/200, Loss: 1.9256510118694257
0: Start epoch 15/200
0: Epoch 15/200, Loss: 1.9256510118694257
0: 2023-12-19 05:15:34,474 INFO Epoch 15 training_seconds: 25.93340492248535
0: 2023-12-19 05:15:34,474 INFO Start epoch 16/200
0: 2023-12-19 05:15:34,727 INFO Epoch 15/200, Loss: 1.9420156664860524
0: Start epoch 15/200
0: Epoch 15/200, Loss: 1.9420156664860524
0: 2023-12-19 05:15:34,727 INFO Epoch 15 training_seconds: 25.708186864852905
0: 2023-12-19 05:15:34,727 INFO Start epoch 16/200
0: 2023-12-19 05:15:59,913 INFO Epoch 16/200, Loss: 1.936245005758827
0: Start epoch 16/200
0: Epoch 16/200, Loss: 1.936245005758827
0: 2023-12-19 05:15:59,914 INFO Epoch 16 training_seconds: 25.185620546340942
0: 2023-12-19 05:15:59,914 INFO Start epoch 17/200
0: 2023-12-19 05:15:59,953 INFO Epoch 16/200, Loss: 1.9201512568442107
0: Start epoch 16/200
0: Epoch 16/200, Loss: 1.9201512568442107
0: 2023-12-19 05:15:59,953 INFO Epoch 16 training_seconds: 25.478772401809692
0: 2023-12-19 05:15:59,953 INFO Start epoch 17/200
0: 2023-12-19 05:16:00,032 INFO Epoch 16/200, Loss: 1.9278372526168823
0: Start epoch 16/200
0: Epoch 16/200, Loss: 1.9278372526168823
0: 2023-12-19 05:16:00,032 INFO Epoch 16 training_seconds: 25.57665705680847
0: 2023-12-19 05:16:00,032 INFO Start epoch 17/200
0: 2023-12-19 05:16:00,623 INFO Epoch 16/200, Loss: 1.9358436576545697
0: Start epoch 16/200
0: Epoch 16/200, Loss: 1.9358436576545697
0: 2023-12-19 05:16:00,624 INFO Epoch 16 training_seconds: 26.19209313392639
0: 2023-12-19 05:16:00,624 INFO Start epoch 17/200
0: 2023-12-19 05:16:25,863 INFO Epoch 17/200, Loss: 1.906429938952941
0: Start epoch 17/200
0: Epoch 17/200, Loss: 1.906429938952941
0: 2023-12-19 05:16:25,863 INFO Epoch 17 training_seconds: 25.909038305282593
0: 2023-12-19 05:16:25,863 INFO Start epoch 18/200
0: 2023-12-19 05:16:25,901 INFO Epoch 17/200, Loss: 1.9186023049952123
0: Start epoch 17/200
0: Epoch 17/200, Loss: 1.9186023049952123
0: 2023-12-19 05:16:25,901 INFO Epoch 17 training_seconds: 25.868940830230713
0: 2023-12-19 05:16:25,901 INFO Start epoch 18/200
0: 2023-12-19 05:16:25,923 INFO Epoch 17/200, Loss: 1.9288696321989873
0: Start epoch 17/200
0: Epoch 17/200, Loss: 1.9288696321989873
0: 2023-12-19 05:16:25,923 INFO Epoch 17 training_seconds: 25.2982234954834
0: 2023-12-19 05:16:25,923 INFO Start epoch 18/200
0: 2023-12-19 05:16:26,584 INFO Epoch 17/200, Loss: 1.929574212454774
0: Start epoch 17/200
0: Epoch 17/200, Loss: 1.929574212454774
0: 2023-12-19 05:16:26,584 INFO Epoch 17 training_seconds: 26.6696617603302
0: 2023-12-19 05:16:26,584 INFO Start epoch 18/200
0: 2023-12-19 05:16:51,953 INFO Epoch 18/200, Loss: 1.9224297579597025
0: Start epoch 18/200
0: Epoch 18/200, Loss: 1.9224297579597025
0: 2023-12-19 05:16:51,953 INFO Epoch 18 training_seconds: 25.36795473098755
0: 2023-12-19 05:16:51,953 INFO Start epoch 19/200
0: 2023-12-19 05:16:51,956 INFO Epoch 18/200, Loss: 1.8985694768788564
0: Start epoch 18/200
0: Epoch 18/200, Loss: 1.8985694768788564
0: 2023-12-19 05:16:51,956 INFO Epoch 18 training_seconds: 26.09212017059326
0: 2023-12-19 05:16:51,956 INFO Start epoch 19/200
0: 2023-12-19 05:16:51,962 INFO Epoch 18/200, Loss: 1.9088031718188234
0: Start epoch 18/200
0: Epoch 18/200, Loss: 1.9088031718188234
0: 2023-12-19 05:16:51,962 INFO Epoch 18 training_seconds: 26.059584140777588
0: 2023-12-19 05:16:51,962 INFO Start epoch 19/200
0: 2023-12-19 05:16:51,975 INFO Epoch 18/200, Loss: 1.9197223177346427
0: Start epoch 18/200
0: Epoch 18/200, Loss: 1.9197223177346427
0: 2023-12-19 05:16:51,975 INFO Epoch 18 training_seconds: 26.051656484603882
0: 2023-12-19 05:16:51,975 INFO Start epoch 19/200
0: 2023-12-19 05:17:17,705 INFO Epoch 19/200, Loss: 1.9123140418011209
0: Start epoch 19/200
0: Epoch 19/200, Loss: 1.9123140418011209
0: 2023-12-19 05:17:17,705 INFO Epoch 19 training_seconds: 25.72900700569153
0: 2023-12-19 05:17:17,705 INFO Start epoch 20/200
0: 2023-12-19 05:17:17,750 INFO Epoch 19/200, Loss: 1.911531905079132
0: Start epoch 19/200
0: Epoch 19/200, Loss: 1.911531905079132
0: 2023-12-19 05:17:17,750 INFO Epoch 19 training_seconds: 25.796004056930542
0: 2023-12-19 05:17:17,750 INFO Start epoch 20/200
0: 2023-12-19 05:17:17,814 INFO Epoch 19/200, Loss: 1.903015935817338
0: Start epoch 19/200
0: Epoch 19/200, Loss: 1.903015935817338
0: 2023-12-19 05:17:17,814 INFO Epoch 19 training_seconds: 25.851067066192627
0: 2023-12-19 05:17:17,814 INFO Start epoch 20/200
0: 2023-12-19 05:17:18,307 INFO Epoch 19/200, Loss: 1.8935680282695213
0: Start epoch 19/200
0: Epoch 19/200, Loss: 1.8935680282695213
0: 2023-12-19 05:17:18,307 INFO Epoch 19 training_seconds: 26.349977731704712
0: 2023-12-19 05:17:18,307 INFO Start epoch 20/200
0: 2023-12-19 05:17:43,213 INFO Epoch 20/200, Loss: 1.8851085828088434
0: Start epoch 20/200
0: Epoch 20/200, Loss: 1.8851085828088434
0: 2023-12-19 05:17:43,214 INFO Epoch 20 training_seconds: 24.90570616722107
0: 2023-12-19 05:17:43,214 INFO Start epoch 21/200
0: 2023-12-19 05:17:43,230 INFO Epoch 20/200, Loss: 1.903846129736937
0: Start epoch 20/200
0: Epoch 20/200, Loss: 1.903846129736937
0: 2023-12-19 05:17:43,230 INFO Epoch 20 training_seconds: 25.523765802383423
0: 2023-12-19 05:17:43,230 INFO Start epoch 21/200
0: 2023-12-19 05:17:43,258 INFO Epoch 20/200, Loss: 1.895553760516369
0: Start epoch 20/200
0: Epoch 20/200, Loss: 1.895553760516369
0: 2023-12-19 05:17:43,258 INFO Epoch 20 training_seconds: 25.443625926971436
0: 2023-12-19 05:17:43,258 INFO Start epoch 21/200
0: 2023-12-19 05:17:43,434 INFO Epoch 20/200, Loss: 1.9089311593024016
0: Start epoch 20/200
0: Epoch 20/200, Loss: 1.9089311593024016
0: 2023-12-19 05:17:43,434 INFO Epoch 20 training_seconds: 25.682735443115234
0: 2023-12-19 05:17:43,434 INFO Start epoch 21/200
0: 2023-12-19 05:18:09,123 INFO Epoch 21/200, Loss: 1.897493330414033
0: Start epoch 21/200
0: Epoch 21/200, Loss: 1.897493330414033
0: 2023-12-19 05:18:09,124 INFO Epoch 21 training_seconds: 25.89251208305359
0: 2023-12-19 05:18:09,124 INFO Start epoch 22/200
0: 2023-12-19 05:18:09,195 INFO Epoch 21/200, Loss: 1.87315897533046
0: Start epoch 21/200
0: Epoch 21/200, Loss: 1.87315897533046
0: 2023-12-19 05:18:09,195 INFO Epoch 21 training_seconds: 25.980469942092896
0: 2023-12-19 05:18:09,195 INFO Start epoch 22/200
0: 2023-12-19 05:18:09,202 INFO Epoch 21/200, Loss: 1.896903891087798
0: Start epoch 21/200
0: Epoch 21/200, Loss: 1.896903891087798
0: 2023-12-19 05:18:09,202 INFO Epoch 21 training_seconds: 25.767239332199097
0: 2023-12-19 05:18:09,202 INFO Start epoch 22/200
0: 2023-12-19 05:18:09,204 INFO Epoch 21/200, Loss: 1.8853605415510095
0: Start epoch 21/200
0: Epoch 21/200, Loss: 1.8853605415510095
0: 2023-12-19 05:18:09,204 INFO Epoch 21 training_seconds: 25.94496440887451
0: 2023-12-19 05:18:09,204 INFO Start epoch 22/200
0: 2023-12-19 05:18:34,709 INFO Epoch 22/200, Loss: 1.8677463369906102
0: Start epoch 22/200
0: Epoch 22/200, Loss: 1.8677463369906102
0: 2023-12-19 05:18:34,709 INFO Epoch 22 training_seconds: 25.513144493103027
0: 2023-12-19 05:18:34,709 INFO Start epoch 23/200
0: 2023-12-19 05:18:34,942 INFO Epoch 22/200, Loss: 1.8883064854175537
0: Start epoch 22/200
0: Epoch 22/200, Loss: 1.8883064854175537
0: 2023-12-19 05:18:34,942 INFO Epoch 22 training_seconds: 25.817370653152466
0: 2023-12-19 05:18:34,942 INFO Start epoch 23/200
0: 2023-12-19 05:18:35,212 INFO Epoch 22/200, Loss: 1.877936719018785
0: Start epoch 22/200
0: Epoch 22/200, Loss: 1.877936719018785
0: 2023-12-19 05:18:35,213 INFO Epoch 22 training_seconds: 26.007888555526733
0: 2023-12-19 05:18:35,213 INFO Start epoch 23/200
0: 2023-12-19 05:18:35,255 INFO Epoch 22/200, Loss: 1.888396378063485
0: Start epoch 22/200
0: Epoch 22/200, Loss: 1.888396378063485
0: 2023-12-19 05:18:35,255 INFO Epoch 22 training_seconds: 26.052380323410034
0: 2023-12-19 05:18:35,255 INFO Start epoch 23/200
0: 2023-12-19 05:18:59,786 INFO Epoch 23/200, Loss: 1.8761860040752478
0: Start epoch 23/200
0: Epoch 23/200, Loss: 1.8761860040752478
0: 2023-12-19 05:18:59,787 INFO Epoch 23 training_seconds: 24.530436038970947
0: 2023-12-19 05:18:59,787 INFO Start epoch 24/200
0: 2023-12-19 05:18:59,788 INFO Epoch 23/200, Loss: 1.8554709924151525
0: Start epoch 23/200
0: Epoch 23/200, Loss: 1.8554709924151525
0: 2023-12-19 05:18:59,789 INFO Epoch 23 training_seconds: 25.078444719314575
0: 2023-12-19 05:18:59,789 INFO Start epoch 24/200
0: 2023-12-19 05:18:59,802 INFO Epoch 23/200, Loss: 1.8685669069704802
0: Start epoch 23/200
0: Epoch 23/200, Loss: 1.8685669069704802
0: 2023-12-19 05:18:59,803 INFO Epoch 23 training_seconds: 24.58917260169983
0: 2023-12-19 05:18:59,803 INFO Start epoch 24/200
0: 2023-12-19 05:18:59,804 INFO Epoch 23/200, Loss: 1.8783008119334346
0: Start epoch 23/200
0: Epoch 23/200, Loss: 1.8783008119334346
0: 2023-12-19 05:18:59,804 INFO Epoch 23 training_seconds: 24.861653089523315
0: 2023-12-19 05:18:59,804 INFO Start epoch 24/200
0: 2023-12-19 05:19:25,922 INFO Epoch 24/200, Loss: 1.8637481854699762
0: Start epoch 24/200
0: Epoch 24/200, Loss: 1.8637481854699762
0: 2023-12-19 05:19:25,922 INFO Epoch 24 training_seconds: 26.118213653564453
0: 2023-12-19 05:19:25,922 INFO Start epoch 25/200
0: 2023-12-19 05:19:26,208 INFO Epoch 24/200, Loss: 1.8763771383353816
0: Start epoch 24/200
0: Epoch 24/200, Loss: 1.8763771383353816
0: 2023-12-19 05:19:26,208 INFO Epoch 24 training_seconds: 26.402734994888306
0: 2023-12-19 05:19:26,208 INFO Start epoch 25/200
0: 2023-12-19 05:19:26,302 INFO Epoch 24/200, Loss: 1.8515174257785767
0: Start epoch 24/200
0: Epoch 24/200, Loss: 1.8515174257785767
0: 2023-12-19 05:19:26,302 INFO Epoch 24 training_seconds: 26.51272416114807
0: 2023-12-19 05:19:26,302 INFO Start epoch 25/200
0: 2023-12-19 05:19:26,409 INFO Epoch 24/200, Loss: 1.8809495822852835
0: Start epoch 24/200
0: Epoch 24/200, Loss: 1.8809495822852835
0: 2023-12-19 05:19:26,410 INFO Epoch 24 training_seconds: 26.622309923171997
0: 2023-12-19 05:19:26,410 INFO Start epoch 25/200
0: 2023-12-19 05:19:51,987 INFO Epoch 25/200, Loss: 1.8569214743421512
0: Start epoch 25/200
0: Epoch 25/200, Loss: 1.8569214743421512
0: 2023-12-19 05:19:51,987 INFO Epoch 25 training_seconds: 26.064502239227295
0: 2023-12-19 05:19:51,987 INFO Start epoch 26/200
0: 2023-12-19 05:19:52,032 INFO Epoch 25/200, Loss: 1.868816604394742
0: Start epoch 25/200
0: Epoch 25/200, Loss: 1.868816604394742
0: 2023-12-19 05:19:52,033 INFO Epoch 25 training_seconds: 25.82382297515869
0: 2023-12-19 05:19:52,033 INFO Start epoch 26/200
0: 2023-12-19 05:19:52,309 INFO Epoch 25/200, Loss: 1.8708014872372913
0: Start epoch 25/200
0: Epoch 25/200, Loss: 1.8708014872372913
0: 2023-12-19 05:19:52,310 INFO Epoch 25 training_seconds: 25.8987238407135
0: 2023-12-19 05:19:52,310 INFO Start epoch 26/200
0: 2023-12-19 05:19:52,437 INFO Epoch 25/200, Loss: 1.8480134507274384
0: Start epoch 25/200
0: Epoch 25/200, Loss: 1.8480134507274384
0: 2023-12-19 05:19:52,438 INFO Epoch 25 training_seconds: 26.13469934463501
0: 2023-12-19 05:19:52,438 INFO Start epoch 26/200
0: 2023-12-19 05:20:18,712 INFO Epoch 26/200, Loss: 1.8523699243355285
0: Start epoch 26/200
0: Epoch 26/200, Loss: 1.8523699243355285
0: 2023-12-19 05:20:18,713 INFO Epoch 26 training_seconds: 26.724172592163086
0: 2023-12-19 05:20:18,713 INFO Start epoch 27/200
0: 2023-12-19 05:20:18,715 INFO Epoch 26/200, Loss: 1.8664360872619903
0: Start epoch 26/200
0: Epoch 26/200, Loss: 1.8664360872619903
0: 2023-12-19 05:20:18,715 INFO Epoch 26 training_seconds: 26.40510082244873
0: 2023-12-19 05:20:18,716 INFO Start epoch 27/200
0: 2023-12-19 05:20:18,750 INFO Epoch 26/200, Loss: 1.8369459273565152
0: Start epoch 26/200
0: Epoch 26/200, Loss: 1.8369459273565152
0: 2023-12-19 05:20:18,750 INFO Epoch 26 training_seconds: 26.311451196670532
0: 2023-12-19 05:20:18,750 INFO Start epoch 27/200
0: 2023-12-19 05:20:18,886 INFO Epoch 26/200, Loss: 1.8616539663670923
0: Start epoch 26/200
0: Epoch 26/200, Loss: 1.8616539663670923
0: 2023-12-19 05:20:18,886 INFO Epoch 26 training_seconds: 26.852609395980835
0: 2023-12-19 05:20:18,886 INFO Start epoch 27/200
0: 2023-12-19 05:20:44,402 INFO Epoch 27/200, Loss: 1.845617765660786
0: Start epoch 27/200
0: Epoch 27/200, Loss: 1.845617765660786
0: 2023-12-19 05:20:44,403 INFO Epoch 27 training_seconds: 25.689167022705078
0: 2023-12-19 05:20:44,403 INFO Start epoch 28/200
0: 2023-12-19 05:20:44,404 INFO Epoch 27/200, Loss: 1.8540205095735047
0: Start epoch 27/200
0: Epoch 27/200, Loss: 1.8540205095735047
0: 2023-12-19 05:20:44,404 INFO Epoch 27 training_seconds: 25.517477989196777
0: 2023-12-19 05:20:44,404 INFO Start epoch 28/200
0: 2023-12-19 05:20:44,417 INFO Epoch 27/200, Loss: 1.8610913037034251
0: Start epoch 27/200
0: Epoch 27/200, Loss: 1.8610913037034251
0: 2023-12-19 05:20:44,417 INFO Epoch 27 training_seconds: 25.700665950775146
0: 2023-12-19 05:20:44,417 INFO Start epoch 28/200
0: 2023-12-19 05:20:44,455 INFO Epoch 27/200, Loss: 1.8351863339124128
0: Start epoch 27/200
0: Epoch 27/200, Loss: 1.8351863339124128
0: 2023-12-19 05:20:44,455 INFO Epoch 27 training_seconds: 25.70490860939026
0: 2023-12-19 05:20:44,455 INFO Start epoch 28/200
0: 2023-12-19 05:21:10,398 INFO Epoch 28/200, Loss: 1.8277101388672734
0: Start epoch 28/200
0: Epoch 28/200, Loss: 1.8277101388672734
0: 2023-12-19 05:21:10,398 INFO Epoch 28 training_seconds: 25.941837787628174
0: 2023-12-19 05:21:10,398 INFO Start epoch 29/200
0: 2023-12-19 05:21:10,413 INFO Epoch 28/200, Loss: 1.8489563419385944
0: Start epoch 28/200
0: Epoch 28/200, Loss: 1.8489563419385944
0: 2023-12-19 05:21:10,414 INFO Epoch 28 training_seconds: 26.00839352607727
0: 2023-12-19 05:21:10,414 INFO Start epoch 29/200
0: 2023-12-19 05:21:10,495 INFO Epoch 28/200, Loss: 1.856333930169225
0: Start epoch 28/200
0: Epoch 28/200, Loss: 1.856333930169225
0: 2023-12-19 05:21:10,495 INFO Epoch 28 training_seconds: 26.077269554138184
0: 2023-12-19 05:21:10,495 INFO Start epoch 29/200
0: 2023-12-19 05:21:10,800 INFO Epoch 28/200, Loss: 1.838559288198076
0: Start epoch 28/200
0: Epoch 28/200, Loss: 1.838559288198076
0: 2023-12-19 05:21:10,800 INFO Epoch 28 training_seconds: 26.396394729614258
0: 2023-12-19 05:21:10,800 INFO Start epoch 29/200
0: 2023-12-19 05:21:36,622 INFO Epoch 29/200, Loss: 1.8250640953898125
0: Start epoch 29/200
0: Epoch 29/200, Loss: 1.8250640953898125
0: 2023-12-19 05:21:36,622 INFO Epoch 29 training_seconds: 26.22275972366333
0: 2023-12-19 05:21:36,622 INFO Start epoch 30/200
0: 2023-12-19 05:21:36,654 INFO Epoch 29/200, Loss: 1.851321082895674
0: Start epoch 29/200
0: Epoch 29/200, Loss: 1.851321082895674
0: 2023-12-19 05:21:36,654 INFO Epoch 29 training_seconds: 26.157788276672363
0: 2023-12-19 05:21:36,654 INFO Start epoch 30/200
0: 2023-12-19 05:21:36,657 INFO Epoch 29/200, Loss: 1.8434079571453201
0: Start epoch 29/200
0: Epoch 29/200, Loss: 1.8434079571453201
0: 2023-12-19 05:21:36,657 INFO Epoch 29 training_seconds: 26.242956399917603
0: 2023-12-19 05:21:36,657 INFO Start epoch 30/200
0: 2023-12-19 05:21:37,125 INFO Epoch 29/200, Loss: 1.833793764529021
0: Start epoch 29/200
0: Epoch 29/200, Loss: 1.833793764529021
0: 2023-12-19 05:21:37,125 INFO Epoch 29 training_seconds: 26.32404661178589
0: 2023-12-19 05:21:37,125 INFO Start epoch 30/200
0: 2023-12-19 05:22:02,006 INFO Epoch 30/200, Loss: 1.8282450355227342
0: Start epoch 30/200
0: Epoch 30/200, Loss: 1.8282450355227342
0: 2023-12-19 05:22:02,006 INFO Epoch 30 training_seconds: 24.88020133972168
0: 2023-12-19 05:22:02,006 INFO Start epoch 31/200
0: 2023-12-19 05:22:02,062 INFO Epoch 30/200, Loss: 1.819180544684915
0: Start epoch 30/200
0: Epoch 30/200, Loss: 1.819180544684915
0: 2023-12-19 05:22:02,062 INFO Epoch 30 training_seconds: 25.439085245132446
0: 2023-12-19 05:22:02,062 INFO Start epoch 31/200
0: 2023-12-19 05:22:02,206 INFO Epoch 30/200, Loss: 1.8456182037777913
0: Start epoch 30/200
0: Epoch 30/200, Loss: 1.8456182037777913
0: 2023-12-19 05:22:02,206 INFO Epoch 30 training_seconds: 25.551175832748413
0: 2023-12-19 05:22:02,206 INFO Start epoch 31/200
0: 2023-12-19 05:22:02,458 INFO Epoch 30/200, Loss: 1.8444727826911165
0: Start epoch 30/200
0: Epoch 30/200, Loss: 1.8444727826911165
0: 2023-12-19 05:22:02,458 INFO Epoch 30 training_seconds: 25.799596071243286
0: 2023-12-19 05:22:02,458 INFO Start epoch 31/200
0: 2023-12-19 05:22:28,211 INFO Epoch 31/200, Loss: 1.839299580325251
0: Start epoch 31/200
0: Epoch 31/200, Loss: 1.839299580325251
0: 2023-12-19 05:22:28,212 INFO Epoch 31 training_seconds: 25.752876043319702
0: 2023-12-19 05:22:28,212 INFO Start epoch 32/200
0: 2023-12-19 05:22:28,269 INFO Epoch 31/200, Loss: 1.8423961718064135
0: Start epoch 31/200
0: Epoch 31/200, Loss: 1.8423961718064135
0: 2023-12-19 05:22:28,269 INFO Epoch 31 training_seconds: 26.06255555152893
0: 2023-12-19 05:22:28,269 INFO Start epoch 32/200
0: 2023-12-19 05:22:28,570 INFO Epoch 31/200, Loss: 1.8282410354565477
0: Start epoch 31/200
0: 
0: Epoch 31/200, Loss: 1.8282410354565477
0: 2023-12-19 05:22:28,570 INFO Epoch 31 training_seconds: 26.56317925453186
0: 2023-12-19 05:22:28,570 INFO Start epoch 32/200
0: 2023-12-19 05:22:28,592 INFO Epoch 31/200, Loss: 1.8175673893345592
0: Start epoch 31/200
0: Epoch 31/200, Loss: 1.8175673893345592
0: 2023-12-19 05:22:28,592 INFO Epoch 31 training_seconds: 26.52955198287964
0: 2023-12-19 05:22:28,592 INFO Start epoch 32/200
0: 2023-12-19 05:22:53,815 INFO Epoch 32/200, Loss: 1.8358871906309786
0: Start epoch 32/200
0: Epoch 32/200, Loss: 1.8358871906309786
0: 2023-12-19 05:22:53,815 INFO Epoch 32 training_seconds: 25.545246601104736
0: 2023-12-19 05:22:53,815 INFO Start epoch 33/200
0: 2023-12-19 05:22:53,847 INFO Epoch 32/200, Loss: 1.8123128950748297
0: Start epoch 32/200
0: Epoch 32/200, Loss: 1.8123128950748297
0: 2023-12-19 05:22:53,847 INFO Epoch 32 training_seconds: 25.254642963409424
0: 2023-12-19 05:22:53,848 INFO Start epoch 33/200
0: 2023-12-19 05:22:53,854 INFO Epoch 32/200, Loss: 1.8351420981194966
0: Start epoch 32/200
0: Epoch 32/200, Loss: 1.8351420981194966
0: 2023-12-19 05:22:53,854 INFO Epoch 32 training_seconds: 25.64165234565735
0: 2023-12-19 05:22:53,854 INFO Start epoch 33/200
0: 2023-12-19 05:22:54,559 INFO Epoch 32/200, Loss: 1.8219024775278232
0: Start epoch 32/200
0: Epoch 32/200, Loss: 1.8219024775278232
0: 2023-12-19 05:22:54,560 INFO Epoch 32 training_seconds: 25.988850593566895
0: 2023-12-19 05:22:54,560 INFO Start epoch 33/200
0: 2023-12-19 05:23:19,402 INFO Epoch 33/200, Loss: 1.8358667399877173
0: Start epoch 33/200
0: Epoch 33/200, Loss: 1.8358667399877173
0: 2023-12-19 05:23:19,403 INFO Epoch 33 training_seconds: 25.5477032661438
0: 2023-12-19 05:23:19,403 INFO Start epoch 34/200
0: 2023-12-19 05:23:19,428 INFO Epoch 33/200, Loss: 1.8338723258898997
0: Start epoch 33/200
0: Epoch 33/200, Loss: 1.8338723258898997
0: 2023-12-19 05:23:19,428 INFO Epoch 33 training_seconds: 25.611730337142944
0: 2023-12-19 05:23:19,428 INFO Start epoch 34/200
0: 2023-12-19 05:23:19,454 INFO Epoch 33/200, Loss: 1.8216277242011731
0: Start epoch 33/200
0: Epoch 33/200, Loss: 1.8216277242011731
0: 2023-12-19 05:23:19,454 INFO Epoch 33 training_seconds: 24.893388748168945
0: 2023-12-19 05:23:19,454 INFO Start epoch 34/200
0: 2023-12-19 05:23:19,478 INFO Epoch 33/200, Loss: 1.804263841465611
0: Start epoch 33/200
0: Epoch 33/200, Loss: 1.804263841465611
0: 2023-12-19 05:23:19,478 INFO Epoch 33 training_seconds: 25.62947130203247
0: 2023-12-19 05:23:19,478 INFO Start epoch 34/200
0: 2023-12-19 05:23:44,484 INFO Epoch 34/200, Loss: 1.8152662884548803
0: Start epoch 34/200
0: Epoch 34/200, Loss: 1.8152662884548803
0: 2023-12-19 05:23:44,484 INFO Epoch 34 training_seconds: 25.02970242500305
0: 2023-12-19 05:23:44,484 INFO Start epoch 35/200
0: 2023-12-19 05:23:44,501 INFO Epoch 34/200, Loss: 1.8324716877754388
0: Start epoch 34/200
0: Epoch 34/200, Loss: 1.8324716877754388
0: 2023-12-19 05:23:44,501 INFO Epoch 34 training_seconds: 25.072208642959595
0: 2023-12-19 05:23:44,501 INFO Start epoch 35/200
0: 2023-12-19 05:23:44,514 INFO Epoch 34/200, Loss: 1.8256496590421634
0: Start epoch 34/200
0: Epoch 34/200, Loss: 1.8256496590421634
0: 2023-12-19 05:23:44,514 INFO Epoch 34 training_seconds: 25.11026406288147
0: 2023-12-19 05:23:44,514 INFO Start epoch 35/200
0: 2023-12-19 05:23:44,520 INFO Epoch 34/200, Loss: 1.8055518893024805
0: Start epoch 34/200
0: Epoch 34/200, Loss: 1.8055518893024805
0: 2023-12-19 05:23:44,520 INFO Epoch 34 training_seconds: 25.04185724258423
0: 2023-12-19 05:23:44,520 INFO Start epoch 35/200
0: 2023-12-19 05:24:10,376 INFO Epoch 35/200, Loss: 1.8264238999017974
0: Start epoch 35/200
0: Epoch 35/200, Loss: 1.8264238999017974
0: 2023-12-19 05:24:10,377 INFO Epoch 35 training_seconds: 25.874693632125854
0: 2023-12-19 05:24:10,377 INFO Start epoch 36/200
0: 2023-12-19 05:24:10,434 INFO Epoch 35/200, Loss: 1.8219297106003822
0: Start epoch 35/200
0: Epoch 35/200, Loss: 1.8219297106003822
0: 2023-12-19 05:24:10,434 INFO Epoch 35 training_seconds: 25.919472455978394
0: 2023-12-19 05:24:10,434 INFO Start epoch 36/200
0: 2023-12-19 05:24:10,458 INFO Epoch 35/200, Loss: 1.797561393064611
0: Start epoch 35/200
0: Epoch 35/200, Loss: 1.797561393064611
0: 2023-12-19 05:24:10,458 INFO Epoch 35 training_seconds: 25.9367618560791
0: 2023-12-19 05:24:10,458 INFO Start epoch 36/200
0: 2023-12-19 05:24:11,032 INFO Epoch 35/200, Loss: 1.8074255389020877
0: Start epoch 35/200
0: Epoch 35/200, Loss: 1.8074255389020877
0: 2023-12-19 05:24:11,033 INFO Epoch 35 training_seconds: 26.547460079193115
0: 2023-12-19 05:24:11,033 INFO Start epoch 36/200
0: 2023-12-19 05:24:36,280 INFO Epoch 36/200, Loss: 1.82310379618574
0: Start epoch 36/200
0: Epoch 36/200, Loss: 1.82310379618574
0: 2023-12-19 05:24:36,280 INFO Epoch 36 training_seconds: 25.844990730285645
0: 2023-12-19 05:24:36,280 INFO Start epoch 37/200
0: 2023-12-19 05:24:36,323 INFO Epoch 36/200, Loss: 1.8047983292728433
0: Start epoch 36/200
0: Epoch 36/200, Loss: 1.8047983292728433
0: 2023-12-19 05:24:36,323 INFO Epoch 36 training_seconds: 25.28941035270691
0: 2023-12-19 05:24:36,323 INFO Start epoch 37/200
0: 2023-12-19 05:24:36,334 INFO Epoch 36/200, Loss: 1.8229366226879227
0: Start epoch 36/200
0: Epoch 36/200, Loss: 1.8229366226879227
0: 2023-12-19 05:24:36,334 INFO Epoch 36 training_seconds: 25.956298351287842
0: 2023-12-19 05:24:36,334 INFO Start epoch 37/200
0: 2023-12-19 05:24:36,509 INFO Epoch 36/200, Loss: 1.794448407104863
0: Start epoch 36/200
0: Epoch 36/200, Loss: 1.794448407104863
0: 2023-12-19 05:24:36,509 INFO Epoch 36 training_seconds: 26.049996376037598
0: 2023-12-19 05:24:36,509 INFO Start epoch 37/200
0: 2023-12-19 05:25:01,497 INFO Epoch 37/200, Loss: 1.8182082859146627
0: Start epoch 37/200
0: Epoch 37/200, Loss: 1.8182082859146627
0: 2023-12-19 05:25:01,497 INFO Epoch 37 training_seconds: 25.216190338134766
0: 2023-12-19 05:25:01,497 INFO Start epoch 38/200
0: 2023-12-19 05:25:01,516 INFO Epoch 37/200, Loss: 1.79164797540211
0: Start epoch 37/200
0: Epoch 37/200, Loss: 1.79164797540211
0: 2023-12-19 05:25:01,516 INFO Epoch 37 training_seconds: 25.006271839141846
0: 2023-12-19 05:25:01,516 INFO Start epoch 38/200
0: 2023-12-19 05:25:01,555 INFO Epoch 37/200, Loss: 1.8029278553355381
0: Start epoch 37/200
0: Epoch 37/200, Loss: 1.8029278553355381
0: 2023-12-19 05:25:01,556 INFO Epoch 37 training_seconds: 25.231958627700806
0: 2023-12-19 05:25:01,556 INFO Start epoch 38/200
0: 2023-12-19 05:25:02,046 INFO Epoch 37/200, Loss: 1.8197282025271364
0: Start epoch 37/200
0: Epoch 37/200, Loss: 1.8197282025271364
0: 2023-12-19 05:25:02,046 INFO Epoch 37 training_seconds: 25.711341381072998
0: 2023-12-19 05:25:02,046 INFO Start epoch 38/200
0: 2023-12-19 05:25:27,803 INFO Epoch 38/200, Loss: 1.799420548217071
0: Start epoch 38/200
0: Epoch 38/200, Loss: 1.799420548217071
0: 2023-12-19 05:25:27,803 INFO Epoch 38 training_seconds: 26.2463219165802
0: 2023-12-19 05:25:27,803 INFO Start epoch 39/200
0: 2023-12-19 05:25:27,842 INFO Epoch 38/200, Loss: 1.8109371079813184
0: Start epoch 38/200
0: Epoch 38/200, Loss: 1.8109371079813184
0: 2023-12-19 05:25:27,843 INFO Epoch 38 training_seconds: 26.344415426254272
0: 2023-12-19 05:25:27,843 INFO Start epoch 39/200
0: 2023-12-19 05:25:28,100 INFO Epoch 38/200, Loss: 1.7892036187984144
0: Start epoch 38/200
0: 
0: Epoch 38/200, Loss: 1.7892036187984144
0: 2023-12-19 05:25:28,100 INFO Epoch 38 training_seconds: 26.583494901657104
0: 2023-12-19 05:25:28,100 INFO Start epoch 39/200
0: 2023-12-19 05:25:28,546 INFO Epoch 38/200, Loss: 1.8141295702561089
0: Start epoch 38/200
0: Epoch 38/200, Loss: 1.8141295702561089
0: 2023-12-19 05:25:28,546 INFO Epoch 38 training_seconds: 26.499129056930542
0: 2023-12-19 05:25:28,546 INFO Start epoch 39/200
0: 2023-12-19 05:25:53,745 INFO Epoch 39/200, Loss: 1.7849409284494113
0: Start epoch 39/200
0: Epoch 39/200, Loss: 1.7849409284494113
0: 2023-12-19 05:25:53,746 INFO Epoch 39 training_seconds: 25.64445471763611
0: 2023-12-19 05:25:53,747 INFO Start epoch 40/200
0: 2023-12-19 05:25:53,768 INFO Epoch 39/200, Loss: 1.8051589730450563
0: Start epoch 39/200
0: Epoch 39/200, Loss: 1.8051589730450563
0: 2023-12-19 05:25:53,769 INFO Epoch 39 training_seconds: 25.22196316719055
0: 2023-12-19 05:25:53,769 INFO Start epoch 40/200
0: 2023-12-19 05:25:53,800 INFO Epoch 39/200, Loss: 1.8043754021529956
0: Start epoch 39/200
0: Epoch 39/200, Loss: 1.8043754021529956
0: 2023-12-19 05:25:53,800 INFO Epoch 39 training_seconds: 25.956883192062378
0: 2023-12-19 05:25:53,800 INFO Start epoch 40/200
0: 2023-12-19 05:25:53,804 INFO Epoch 39/200, Loss: 1.7899657277499927
0: Start epoch 39/200
0: Epoch 39/200, Loss: 1.7899657277499927
0: 2023-12-19 05:25:53,804 INFO Epoch 39 training_seconds: 26.000194549560547
0: 2023-12-19 05:25:53,804 INFO Start epoch 40/200
0: 2023-12-19 05:26:19,678 INFO Epoch 40/200, Loss: 1.7935129221138137
0: Start epoch 40/200
0: Epoch 40/200, Loss: 1.7935129221138137
0: 2023-12-19 05:26:19,681 INFO Epoch 40 training_seconds: 25.873671531677246
0: 2023-12-19 05:26:19,681 INFO Start epoch 41/200
0: 2023-12-19 05:26:19,793 INFO Epoch 40/200, Loss: 1.808821926031576
0: Start epoch 40/200
0: Epoch 40/200, Loss: 1.808821926031576
0: 2023-12-19 05:26:19,794 INFO Epoch 40 training_seconds: 25.992687940597534
0: 2023-12-19 05:26:19,794 INFO Start epoch 41/200
0: 2023-12-19 05:26:19,899 INFO Epoch 40/200, Loss: 1.782560892422181
0: Start epoch 40/200
0: Epoch 40/200, Loss: 1.782560892422181
0: 2023-12-19 05:26:19,900 INFO Epoch 40 training_seconds: 26.152271270751953
0: 2023-12-19 05:26:19,900 INFO Start epoch 41/200
0: 2023-12-19 05:26:20,446 INFO Epoch 40/200, Loss: 1.8044775773192305
0: Start epoch 40/200
0: Epoch 40/200, Loss: 1.8044775773192305
0: 2023-12-19 05:26:20,446 INFO Epoch 40 training_seconds: 26.677006721496582
0: 2023-12-19 05:26:20,446 INFO Start epoch 41/200
0: 2023-12-19 05:26:45,057 INFO Epoch 41/200, Loss: 1.7731722794530336
0: Start epoch 41/200
0: Epoch 41/200, Loss: 1.7731722794530336
0: 2023-12-19 05:26:45,059 INFO Epoch 41 training_seconds: 25.15707755088806
0: 2023-12-19 05:26:45,060 INFO Start epoch 42/200
0: 2023-12-19 05:26:45,119 INFO Epoch 41/200, Loss: 1.7838309667909238
0: Start epoch 41/200
0: Epoch 41/200, Loss: 1.7838309667909238
0: 2023-12-19 05:26:45,119 INFO Epoch 41 training_seconds: 25.437370538711548
0: 2023-12-19 05:26:45,119 INFO Start epoch 42/200
0: 2023-12-19 05:26:45,136 INFO Epoch 41/200, Loss: 1.8016362098781653
0: Start epoch 41/200
0: Epoch 41/200, Loss: 1.8016362098781653
0: 2023-12-19 05:26:45,136 INFO Epoch 41 training_seconds: 24.688710689544678
0: 2023-12-19 05:26:45,136 INFO Start epoch 42/200
0: 2023-12-19 05:26:45,418 INFO Epoch 41/200, Loss: 1.7992594239047117
0: Start epoch 41/200
0: Epoch 41/200, Loss: 1.7992594239047117
0: 2023-12-19 05:26:45,418 INFO Epoch 41 training_seconds: 25.62364935874939
0: 2023-12-19 05:26:45,418 INFO Start epoch 42/200
0: 2023-12-19 05:27:11,614 INFO Epoch 42/200, Loss: 1.7708767195186956
0: 2023-12-19 05:27:11,615 INFO Epoch 42/200, Loss: 1.7791635974898667
0: Start epoch 42/200
0: Epoch 42/200, Loss: 1.7708767195186956
0: 2023-12-19 05:27:11,617 INFO Epoch 42 training_seconds: 26.554315090179443
0: Start epoch 42/200
0: 
0: Epoch 42/200, Loss: 1.7791635974898667
0: 2023-12-19 05:27:11,617 INFO Start epoch 43/200
0: 2023-12-19 05:27:11,617 INFO Epoch 42 training_seconds: 26.495837211608887
0: 2023-12-19 05:27:11,617 INFO Start epoch 43/200
0: 2023-12-19 05:27:11,638 INFO Epoch 42/200, Loss: 1.7999036315152102
0: Start epoch 42/200
0: Epoch 42/200, Loss: 1.7999036315152102
0: 2023-12-19 05:27:11,639 INFO Epoch 42 training_seconds: 26.5019052028656
0: 2023-12-19 05:27:11,639 INFO Start epoch 43/200
0: 2023-12-19 05:27:11,688 INFO Epoch 42/200, Loss: 1.795970900894126
0: Start epoch 42/200
0: Epoch 42/200, Loss: 1.795970900894126
0: 2023-12-19 05:27:11,688 INFO Epoch 42 training_seconds: 26.26904797554016
0: 2023-12-19 05:27:11,688 INFO Start epoch 43/200
0: 2023-12-19 05:27:37,121 INFO Epoch 43/200, Loss: 1.766644490039562
0: Start epoch 43/200
0: Epoch 43/200, Loss: 1.766644490039562
0: 2023-12-19 05:27:37,123 INFO Epoch 43 training_seconds: 25.50374150276184
0: 2023-12-19 05:27:37,124 INFO Start epoch 44/200
0: 2023-12-19 05:27:37,136 INFO Epoch 43/200, Loss: 1.7751359122488506
0: Start epoch 43/200
0: Epoch 43/200, Loss: 1.7751359122488506
0: 2023-12-19 05:27:37,137 INFO Epoch 43 training_seconds: 25.518949031829834
0: 2023-12-19 05:27:37,137 INFO Start epoch 44/200
0: 2023-12-19 05:27:37,150 INFO Epoch 43/200, Loss: 1.7944557349700148
0: Start epoch 43/200
0: Epoch 43/200, Loss: 1.7944557349700148
0: 2023-12-19 05:27:37,150 INFO Epoch 43 training_seconds: 25.510151386260986
0: 2023-12-19 05:27:37,150 INFO Start epoch 44/200
0: 2023-12-19 05:27:37,154 INFO Epoch 43/200, Loss: 1.7946001922383028
0: Start epoch 43/200
0: Epoch 43/200, Loss: 1.7946001922383028
0: 2023-12-19 05:27:37,154 INFO Epoch 43 training_seconds: 25.46537160873413
0: 2023-12-19 05:27:37,154 INFO Start epoch 44/200
0: 2023-12-19 05:28:02,787 INFO Epoch 44/200, Loss: 1.7634476895832345
0: Start epoch 44/200
0: Epoch 44/200, Loss: 1.7634476895832345
0: 2023-12-19 05:28:02,788 INFO Epoch 44 training_seconds: 25.662627935409546
0: 2023-12-19 05:28:02,788 INFO Start epoch 45/200
0: 2023-12-19 05:28:02,801 INFO Epoch 44/200, Loss: 1.7692811172026808
0: Start epoch 44/200
0: Epoch 44/200, Loss: 1.7692811172026808
0: 2023-12-19 05:28:02,801 INFO Epoch 44 training_seconds: 25.66361427307129
0: 2023-12-19 05:28:02,801 INFO Start epoch 45/200
0: 2023-12-19 05:28:02,833 INFO Epoch 44/200, Loss: 1.7878424109095503
0: Start epoch 44/200
0: Epoch 44/200, Loss: 1.7878424109095503
0: 2023-12-19 05:28:02,833 INFO Epoch 44 training_seconds: 25.682276725769043
0: 2023-12-19 05:28:02,833 INFO Start epoch 45/200
0: 2023-12-19 05:28:02,841 INFO Epoch 44/200, Loss: 1.7887883494272256
0: Start epoch 44/200
0: Epoch 44/200, Loss: 1.7887883494272256
0: 2023-12-19 05:28:02,841 INFO Epoch 44 training_seconds: 25.686514377593994
0: 2023-12-19 05:28:02,842 INFO Start epoch 45/200
0: 2023-12-19 05:28:28,845 INFO Epoch 45/200, Loss: 1.7900778978986813
0: Start epoch 45/200
0: Epoch 45/200, Loss: 1.7900778978986813
0: 2023-12-19 05:28:28,848 INFO Epoch 45 training_seconds: 26.011564254760742
0: 2023-12-19 05:28:28,848 INFO Start epoch 46/200
0: 2023-12-19 05:28:28,856 INFO Epoch 45/200, Loss: 1.7681167229362156
0: Start epoch 45/200
0: Epoch 45/200, Loss: 1.7681167229362156
0: 2023-12-19 05:28:28,856 INFO Epoch 45 training_seconds: 26.053831338882446
0: 2023-12-19 05:28:28,856 INFO Start epoch 46/200
0: 2023-12-19 05:28:28,861 INFO Epoch 45/200, Loss: 1.7840585376295592
0: Start epoch 45/200
0: Epoch 45/200, Loss: 1.7840585376295592
0: 2023-12-19 05:28:28,861 INFO Epoch 45 training_seconds: 26.018763780593872
0: 2023-12-19 05:28:28,861 INFO Start epoch 46/200
0: 2023-12-19 05:28:28,904 INFO Epoch 45/200, Loss: 1.7616825594621546
0: Start epoch 45/200
0: Epoch 45/200, Loss: 1.7616825594621546
0: 2023-12-19 05:28:28,904 INFO Epoch 45 training_seconds: 26.114911556243896
0: 2023-12-19 05:28:28,904 INFO Start epoch 46/200
0: 2023-12-19 05:28:54,290 INFO Epoch 46/200, Loss: 1.785462117256106
0: 2023-12-19 05:28:54,290 INFO Epoch 46/200, Loss: 1.781099303299204
0: 2023-12-19 05:28:54,291 INFO Epoch 46/200, Loss: 1.7576013535184933
0: 2023-12-19 05:28:54,291 INFO Epoch 46/200, Loss: 1.7702516283830414
0: Start epoch 46/200
0: Epoch 46/200, Loss: 1.785462117256106
0: Start epoch 46/200
0: 2023-12-19 05:28:54,292 INFO Epoch 46 training_seconds: 25.440603494644165
0: Epoch 46/200, Loss: 1.781099303299204
0: 2023-12-19 05:28:54,292 INFO Epoch 46 training_seconds: 25.42879343032837
0: 2023-12-19 05:28:54,292 INFO Start epoch 47/200
0: 2023-12-19 05:28:54,292 INFO Start epoch 47/200
0: Start epoch 46/200
0: Epoch 46/200, Loss: 1.7576013535184933
0: 2023-12-19 05:28:54,292 INFO Epoch 46 training_seconds: 25.386517763137817
0: 2023-12-19 05:28:54,292 INFO Start epoch 47/200
0: Start epoch 46/200
0: 
0: Epoch 46/200, Loss: 1.7702516283830414
0: 2023-12-19 05:28:54,293 INFO Epoch 46 training_seconds: 25.435056924819946
0: 2023-12-19 05:28:54,293 INFO Start epoch 47/200
0: 2023-12-19 05:29:20,794 INFO Epoch 47/200, Loss: 1.7762414723101174
0: Start epoch 47/200
0: Epoch 47/200, Loss: 1.7762414723101174
0: 2023-12-19 05:29:20,796 INFO Epoch 47 training_seconds: 26.488110303878784
0: 2023-12-19 05:29:20,796 INFO Start epoch 48/200
0: 2023-12-19 05:29:20,834 INFO Epoch 47/200, Loss: 1.7549238345202278
0: Start epoch 47/200
0: Epoch 47/200, Loss: 1.7549238345202278
0: 2023-12-19 05:29:20,834 INFO Epoch 47 training_seconds: 26.541050910949707
0: 2023-12-19 05:29:20,834 INFO Start epoch 48/200
0: 2023-12-19 05:29:20,841 INFO Epoch 47/200, Loss: 1.7799234155498806
0: Start epoch 47/200
0: Epoch 47/200, Loss: 1.7799234155498806
0: 2023-12-19 05:29:20,841 INFO Epoch 47 training_seconds: 26.54806900024414
0: 2023-12-19 05:29:20,841 INFO Start epoch 48/200
0: 2023-12-19 05:29:20,846 INFO Epoch 47/200, Loss: 1.7584057098154522
0: Start epoch 47/200
0: Epoch 47/200, Loss: 1.7584057098154522
0: 2023-12-19 05:29:20,846 INFO Epoch 47 training_seconds: 26.55181360244751
0: 2023-12-19 05:29:20,846 INFO Start epoch 48/200
0: 2023-12-19 05:29:46,341 INFO Epoch 48/200, Loss: 1.7596384881402525
0: Start epoch 48/200
0: Epoch 48/200, Loss: 1.7596384881402525
0: 2023-12-19 05:29:46,343 INFO Epoch 48 training_seconds: 25.494105339050293
0: 2023-12-19 05:29:46,343 INFO Start epoch 49/200
0: 2023-12-19 05:29:46,367 INFO Epoch 48/200, Loss: 1.7744599196612072
0: Start epoch 48/200
0: Epoch 48/200, Loss: 1.7744599196612072
0: 2023-12-19 05:29:46,367 INFO Epoch 48 training_seconds: 25.57095241546631
0: 2023-12-19 05:29:46,367 INFO Start epoch 49/200
0: 2023-12-19 05:29:46,402 INFO Epoch 48/200, Loss: 1.7544950222420266
0: Start epoch 48/200
0: Epoch 48/200, Loss: 1.7544950222420266
0: 2023-12-19 05:29:46,402 INFO Epoch 48 training_seconds: 25.56713318824768
0: 2023-12-19 05:29:46,402 INFO Start epoch 49/200
0: 2023-12-19 05:29:46,420 INFO Epoch 48/200, Loss: 1.7728977105806552
0: Start epoch 48/200
0: Epoch 48/200, Loss: 1.7728977105806552
0: 2023-12-19 05:29:46,420 INFO Epoch 48 training_seconds: 25.577999591827393
0: 2023-12-19 05:29:46,420 INFO Start epoch 49/200
0: 2023-12-19 05:30:11,562 INFO Epoch 49/200, Loss: 1.7468618928928814
0: Start epoch 49/200
0: Epoch 49/200, Loss: 1.7468618928928814
0: 2023-12-19 05:30:11,564 INFO Epoch 49 training_seconds: 25.15947961807251
0: 2023-12-19 05:30:11,564 INFO Start epoch 50/200
0: 2023-12-19 05:30:11,614 INFO Epoch 49/200, Loss: 1.7729354349853437
0: Start epoch 49/200
0: Epoch 49/200, Loss: 1.7729354349853437
0: 2023-12-19 05:30:11,614 INFO Epoch 49 training_seconds: 25.246038675308228
0: 2023-12-19 05:30:11,614 INFO Start epoch 50/200
0: 2023-12-19 05:30:11,929 INFO Epoch 49/200, Loss: 1.7703862928063667
0: Start epoch 49/200
0: Epoch 49/200, Loss: 1.7703862928063667
0: 2023-12-19 05:30:11,929 INFO Epoch 49 training_seconds: 25.508407592773438
0: 2023-12-19 05:30:11,929 INFO Start epoch 50/200
0: 2023-12-19 05:30:12,230 INFO Epoch 49/200, Loss: 1.7551786853834186
0: Start epoch 49/200
0: Epoch 49/200, Loss: 1.7551786853834186
0: 2023-12-19 05:30:12,230 INFO Epoch 49 training_seconds: 25.886310338974
0: 2023-12-19 05:30:12,230 INFO Start epoch 50/200
0: 2023-12-19 05:30:37,670 INFO Epoch 50/200, Loss: 1.7720270586745512
0: Start epoch 50/200
0: Epoch 50/200, Loss: 1.7720270586745512
0: 2023-12-19 05:30:37,673 INFO Epoch 50 training_seconds: 25.740713357925415
0: 2023-12-19 05:30:37,673 INFO Start epoch 51/200
0: 2023-12-19 05:30:37,713 INFO Epoch 50/200, Loss: 1.7733939697065622
0: 2023-12-19 05:30:37,713 INFO Epoch 50/200, Loss: 1.7505766598464887
0: Start epoch 50/200
0: Epoch 50/200, Loss: 1.7733939697065622
0: 2023-12-19 05:30:37,714 INFO Epoch 50 training_seconds: 26.098487377166748
0: 2023-12-19 05:30:37,714 INFO Start epoch 51/200
0: Start epoch 50/200
0: Epoch 50/200, Loss: 1.7505766598464887
0: 2023-12-19 05:30:37,714 INFO Epoch 50 training_seconds: 25.482665300369263
0: 2023-12-19 05:30:37,714 INFO Start epoch 51/200
0: 2023-12-19 05:30:37,741 INFO Epoch 50/200, Loss: 1.742505956488802
0: Start epoch 50/200
0: Epoch 50/200, Loss: 1.742505956488802
0: 2023-12-19 05:30:37,742 INFO Epoch 50 training_seconds: 26.17639183998108
0: 2023-12-19 05:30:37,742 INFO Start epoch 51/200
0: 2023-12-19 05:31:03,098 INFO Epoch 51/200, Loss: 1.7493979543676157
0: 2023-12-19 05:31:03,098 INFO Epoch 51/200, Loss: 1.7397897185571969
0: 2023-12-19 05:31:03,099 INFO Epoch 51/200, Loss: 1.7652801046590976
0: Start epoch 51/200
0: Epoch 51/200, Loss: 1.7493979543676157
0: 2023-12-19 05:31:03,100 INFO Epoch 51 training_seconds: 25.38322639465332
0: 2023-12-19 05:31:03,100 INFO Start epoch 52/200
0: 2023-12-19 05:31:03,106 INFO Epoch 51/200, Loss: 1.768492660559047
0: Start epoch 51/200
0: Epoch 51/200, Loss: 1.768492660559047
0: 2023-12-19 05:31:03,107 INFO Epoch 51 training_seconds: 25.392033576965332
0: 2023-12-19 05:31:03,107 INFO Start epoch 52/200
0: Start epoch 51/200
0: Epoch 51/200, Loss: 1.7397897185571969
0: 2023-12-19 05:31:03,113 INFO Epoch 51 training_seconds: 25.355178356170654
0: 2023-12-19 05:31:03,113 INFO Start epoch 52/200
0: Start epoch 51/200
0: Epoch 51/200, Loss: 1.7652801046590976
0: 2023-12-19 05:31:03,121 INFO Epoch 51 training_seconds: 25.42570972442627
0: 2023-12-19 05:31:03,121 INFO Start epoch 52/200
0: 2023-12-19 05:31:29,398 INFO Epoch 52/200, Loss: 1.7605732343995664
0: Start epoch 52/200
0: Epoch 52/200, Loss: 1.7605732343995664
0: 2023-12-19 05:31:29,400 INFO Epoch 52 training_seconds: 26.276203870773315
0: 2023-12-19 05:31:29,400 INFO Start epoch 53/200
0: 2023-12-19 05:31:29,451 INFO Epoch 52/200, Loss: 1.745516966066092
0: Start epoch 52/200
0: Epoch 52/200, Loss: 1.745516966066092
0: 2023-12-19 05:31:29,451 INFO Epoch 52 training_seconds: 26.350196838378906
0: 2023-12-19 05:31:29,451 INFO Start epoch 53/200
0: 2023-12-19 05:31:29,578 INFO Epoch 52/200, Loss: 1.764292747773173
0: Start epoch 52/200
0: Epoch 52/200, Loss: 1.764292747773173
0: 2023-12-19 05:31:29,578 INFO Epoch 52 training_seconds: 26.470889568328857
0: 2023-12-19 05:31:29,578 INFO Start epoch 53/200
0: 2023-12-19 05:31:29,610 INFO Epoch 52/200, Loss: 1.7371723554323397
0: Start epoch 52/200
0: Epoch 52/200, Loss: 1.7371723554323397
0: 2023-12-19 05:31:29,611 INFO Epoch 52 training_seconds: 26.49655318260193
0: 2023-12-19 05:31:29,611 INFO Start epoch 53/200
0: 2023-12-19 05:31:54,728 INFO Epoch 53/200, Loss: 1.745677769031671
0: 2023-12-19 05:31:54,729 INFO Epoch 53/200, Loss: 1.7583396071973054
0: Start epoch 53/200
0: Epoch 53/200, Loss: 1.745677769031671
0: Start epoch 53/200
0: Epoch 53/200, Loss: 1.7583396071973054
0: 2023-12-19 05:31:54,730 INFO Epoch 53 training_seconds: 25.27621102333069
0: 2023-12-19 05:31:54,730 INFO Epoch 53 training_seconds: 25.32899022102356
0: 2023-12-19 05:31:54,730 INFO Start epoch 54/200
0: 2023-12-19 05:31:54,730 INFO Start epoch 54/200
0: 2023-12-19 05:31:54,746 INFO Epoch 53/200, Loss: 1.7343343892670653
0: Start epoch 53/200
0: Epoch 53/200, Loss: 1.7343343892670653
0: 2023-12-19 05:31:54,746 INFO Epoch 53 training_seconds: 25.134249687194824
0: 2023-12-19 05:31:54,746 INFO Start epoch 54/200
0: 2023-12-19 05:31:54,762 INFO Epoch 53/200, Loss: 1.7615756650105157
0: Start epoch 53/200
0: Epoch 53/200, Loss: 1.7615756650105157
0: 2023-12-19 05:31:54,762 INFO Epoch 53 training_seconds: 25.18337655067444
0: 2023-12-19 05:31:54,763 INFO Start epoch 54/200
0: 2023-12-19 05:32:20,648 INFO Epoch 54/200, Loss: 1.7414967251555693
0: Start epoch 54/200
0: Epoch 54/200, Loss: 1.7414967251555693
0: 2023-12-19 05:32:20,650 INFO Epoch 54 training_seconds: 25.917346954345703
0: 2023-12-19 05:32:20,650 INFO Start epoch 55/200
0: 2023-12-19 05:32:21,083 INFO Epoch 54/200, Loss: 1.7596517194567434
0: Start epoch 54/200
0: Epoch 54/200, Loss: 1.7596517194567434
0: 2023-12-19 05:32:21,083 INFO Epoch 54 training_seconds: 26.319645643234253
0: 2023-12-19 05:32:21,083 INFO Start epoch 55/200
0: 2023-12-19 05:32:21,127 INFO Epoch 54/200, Loss: 1.7336059016035037
0: Start epoch 54/200
0: Epoch 54/200, Loss: 1.7336059016035037
0: 2023-12-19 05:32:21,127 INFO Epoch 54 training_seconds: 26.379674673080444
0: 2023-12-19 05:32:21,127 INFO Start epoch 55/200
0: 2023-12-19 05:32:21,234 INFO Epoch 54/200, Loss: 1.7579291574180584
0: Start epoch 54/200
0: Epoch 54/200, Loss: 1.7579291574180584
0: 2023-12-19 05:32:21,234 INFO Epoch 54 training_seconds: 26.503413677215576
0: 2023-12-19 05:32:21,234 INFO Start epoch 55/200
0: 2023-12-19 05:32:45,983 INFO Epoch 55/200, Loss: 1.7517050370535887
0: Start epoch 55/200
0: Epoch 55/200, Loss: 1.7517050370535887
0: 2023-12-19 05:32:45,985 INFO Epoch 55 training_seconds: 24.747880697250366
0: 2023-12-19 05:32:45,985 INFO Start epoch 56/200
0: 2023-12-19 05:32:46,123 INFO Epoch 55/200, Loss: 1.7397891557430063
0: Start epoch 55/200
0: Epoch 55/200, Loss: 1.7397891557430063
0: 2023-12-19 05:32:46,123 INFO Epoch 55 training_seconds: 25.472381353378296
0: 2023-12-19 05:32:46,123 INFO Start epoch 56/200
0: 2023-12-19 05:32:46,166 INFO Epoch 55/200, Loss: 1.7586458070808664
0: Start epoch 55/200
0: Epoch 55/200, Loss: 1.7586458070808664
0: 2023-12-19 05:32:46,166 INFO Epoch 55 training_seconds: 25.081993103027344
0: 2023-12-19 05:32:46,166 INFO Start epoch 56/200
0: 2023-12-19 05:32:46,467 INFO Epoch 55/200, Loss: 1.7319692592791585
0: Start epoch 55/200
0: Epoch 55/200, Loss: 1.7319692592791585
0: 2023-12-19 05:32:46,467 INFO Epoch 55 training_seconds: 25.339407205581665
0: 2023-12-19 05:32:46,467 INFO Start epoch 56/200
0: 2023-12-19 05:33:12,418 INFO Epoch 56/200, Loss: 1.7336334807183735
0: Start epoch 56/200
0: Epoch 56/200, Loss: 1.7336334807183735
0: 2023-12-19 05:33:12,419 INFO Epoch 56 training_seconds: 26.294551849365234
0: 2023-12-19 05:33:12,420 INFO Start epoch 57/200
0: 2023-12-19 05:33:12,788 INFO Epoch 56/200, Loss: 1.7505646492819043
0: Start epoch 56/200
0: Epoch 56/200, Loss: 1.7505646492819043
0: 2023-12-19 05:33:12,789 INFO Epoch 56 training_seconds: 26.803112983703613
0: 2023-12-19 05:33:12,789 INFO Start epoch 57/200
0: 2023-12-19 05:33:12,793 INFO Epoch 56/200, Loss: 1.7535721956921355
0: Start epoch 56/200
0: Epoch 56/200, Loss: 1.7535721956921355
0: 2023-12-19 05:33:12,794 INFO Epoch 56 training_seconds: 26.6271550655365
0: 2023-12-19 05:33:12,794 INFO Start epoch 57/200
0: 2023-12-19 05:33:12,846 INFO Epoch 56/200, Loss: 1.730154931087933
0: Start epoch 56/200
0: Epoch 56/200, Loss: 1.730154931087933
0: 2023-12-19 05:33:12,846 INFO Epoch 56 training_seconds: 26.378061294555664
0: 2023-12-19 05:33:12,846 INFO Start epoch 57/200
0: 2023-12-19 05:33:37,901 INFO Epoch 57/200, Loss: 1.7514859120864088
0: Start epoch 57/200
0: Epoch 57/200, Loss: 1.7514859120864088
0: 2023-12-19 05:33:37,902 INFO Epoch 57 training_seconds: 25.106231689453125
0: 2023-12-19 05:33:37,902 INFO Start epoch 58/200
0: 2023-12-19 05:33:37,910 INFO Epoch 57/200, Loss: 1.7238989995263727
0: Start epoch 57/200
0: Epoch 57/200, Loss: 1.7238989995263727
0: 2023-12-19 05:33:37,910 INFO Epoch 57 training_seconds: 25.062921047210693
0: 2023-12-19 05:33:37,910 INFO Start epoch 58/200
0: 2023-12-19 05:33:37,938 INFO Epoch 57/200, Loss: 1.7477240376460277
0: Start epoch 57/200
0: Epoch 57/200, Loss: 1.7477240376460277
0: 2023-12-19 05:33:37,938 INFO Epoch 57 training_seconds: 25.14840340614319
0: 2023-12-19 05:33:37,938 INFO Start epoch 58/200
0: 2023-12-19 05:33:37,958 INFO Epoch 57/200, Loss: 1.731559039381764
0: Start epoch 57/200
0: Epoch 57/200, Loss: 1.731559039381764
0: 2023-12-19 05:33:37,958 INFO Epoch 57 training_seconds: 25.537617444992065
0: 2023-12-19 05:33:37,958 INFO Start epoch 58/200
0: 2023-12-19 05:34:03,238 INFO Epoch 58/200, Loss: 1.7246853576596741
0: Start epoch 58/200
0: Epoch 58/200, Loss: 1.7246853576596741
0: 2023-12-19 05:34:03,239 INFO Epoch 58 training_seconds: 25.327252626419067
0: 2023-12-19 05:34:03,240 INFO Start epoch 59/200
0: 2023-12-19 05:34:03,250 INFO Epoch 58/200, Loss: 1.7522181077381533
0: Start epoch 58/200
0: Epoch 58/200, Loss: 1.7522181077381533
0: 2023-12-19 05:34:03,251 INFO Epoch 58 training_seconds: 25.34726905822754
0: 2023-12-19 05:34:03,251 INFO Start epoch 59/200
0: 2023-12-19 05:34:03,265 INFO Epoch 58/200, Loss: 1.7475490320064222
0: Start epoch 58/200
0: Epoch 58/200, Loss: 1.7475490320064222
0: 2023-12-19 05:34:03,265 INFO Epoch 58 training_seconds: 25.3262357711792
0: 2023-12-19 05:34:03,265 INFO Start epoch 59/200
0: 2023-12-19 05:34:03,286 INFO Epoch 58/200, Loss: 1.7345304690358583
0: Start epoch 58/200
0: Epoch 58/200, Loss: 1.7345304690358583
0: 2023-12-19 05:34:03,286 INFO Epoch 58 training_seconds: 25.32694125175476
0: 2023-12-19 05:34:03,286 INFO Start epoch 59/200
0: 2023-12-19 05:34:29,035 INFO Epoch 59/200, Loss: 1.744276354684854
0: Start epoch 59/200
0: Epoch 59/200, Loss: 1.744276354684854
0: 2023-12-19 05:34:29,037 INFO Epoch 59 training_seconds: 25.769218683242798
0: 2023-12-19 05:34:29,037 INFO Start epoch 60/200
0: 2023-12-19 05:34:29,057 INFO Epoch 59/200, Loss: 1.7425955259586539
0: Start epoch 59/200
0: Epoch 59/200, Loss: 1.7425955259586539
0: 2023-12-19 05:34:29,057 INFO Epoch 59 training_seconds: 25.80592441558838
0: 2023-12-19 05:34:29,057 INFO Start epoch 60/200
0: 2023-12-19 05:34:29,074 INFO Epoch 59/200, Loss: 1.7312782115643592
0: Start epoch 59/200
0: Epoch 59/200, Loss: 1.7312782115643592
0: 2023-12-19 05:34:29,075 INFO Epoch 59 training_seconds: 25.788212299346924
0: 2023-12-19 05:34:29,075 INFO Start epoch 60/200
0: 2023-12-19 05:34:29,086 INFO Epoch 59/200, Loss: 1.7187003217389822
0: Start epoch 59/200
0: Epoch 59/200, Loss: 1.7187003217389822
0: 2023-12-19 05:34:29,086 INFO Epoch 59 training_seconds: 25.84571862220764
0: 2023-12-19 05:34:29,086 INFO Start epoch 60/200
0: 2023-12-19 05:34:54,577 INFO Epoch 60/200, Loss: 1.7462240146554036
0: Start epoch 60/200
0: Epoch 60/200, Loss: 1.7462240146554036
0: 2023-12-19 05:34:54,579 INFO Epoch 60 training_seconds: 25.51934266090393
0: 2023-12-19 05:34:54,579 INFO Start epoch 61/200
0: 2023-12-19 05:34:54,586 INFO Epoch 60/200, Loss: 1.743726571807471
0: Start epoch 60/200
0: Epoch 60/200, Loss: 1.743726571807471
0: 2023-12-19 05:34:54,586 INFO Epoch 60 training_seconds: 25.54836106300354
0: 2023-12-19 05:34:54,586 INFO Start epoch 61/200
0: 2023-12-19 05:34:54,594 INFO Epoch 60/200, Loss: 1.7289680885841778
0: Start epoch 60/200
0: Epoch 60/200, Loss: 1.7289680885841778
0: 2023-12-19 05:34:54,595 INFO Epoch 60 training_seconds: 25.519093990325928
0: 2023-12-19 05:34:54,595 INFO Start epoch 61/200
0: 2023-12-19 05:34:54,611 INFO Epoch 60/200, Loss: 1.7180594568667205
0: Start epoch 60/200
0: Epoch 60/200, Loss: 1.7180594568667205
0: 2023-12-19 05:34:54,612 INFO Epoch 60 training_seconds: 25.524634838104248
0: 2023-12-19 05:34:54,612 INFO Start epoch 61/200
0: 2023-12-19 05:35:20,496 INFO Epoch 61/200, Loss: 1.7216065341554334
0: Start epoch 61/200
0: Epoch 61/200, Loss: 1.7216065341554334
0: 2023-12-19 05:35:20,497 INFO Epoch 61 training_seconds: 25.88332486152649
0: 2023-12-19 05:35:20,497 INFO Start epoch 62/200
0: 2023-12-19 05:35:20,501 INFO Epoch 61/200, Loss: 1.7408381959666377
0: Start epoch 61/200
0: Epoch 61/200, Loss: 1.7408381959666377
0: 2023-12-19 05:35:20,502 INFO Epoch 61 training_seconds: 25.921847343444824
0: 2023-12-19 05:35:20,502 INFO Start epoch 62/200
0: 2023-12-19 05:35:21,043 INFO Epoch 61/200, Loss: 1.7210960354646454
0: Start epoch 61/200
0: Epoch 61/200, Loss: 1.7210960354646454
0: 2023-12-19 05:35:21,043 INFO Epoch 61 training_seconds: 26.44723653793335
0: 2023-12-19 05:35:21,043 INFO Start epoch 62/200
0: 2023-12-19 05:35:21,067 INFO Epoch 61/200, Loss: 1.7378382951097415
0: Start epoch 61/200
0: Epoch 61/200, Loss: 1.7378382951097415
0: 2023-12-19 05:35:21,067 INFO Epoch 61 training_seconds: 26.48059844970703
0: 2023-12-19 05:35:21,067 INFO Start epoch 62/200
0: 2023-12-19 05:35:45,980 INFO Epoch 62/200, Loss: 1.74040732420314
0: 2023-12-19 05:35:45,983 INFO Epoch 62/200, Loss: 1.7160900087307787
0: 2023-12-19 05:35:45,983 INFO Epoch 62/200, Loss: 1.722308926265258
0: Start epoch 62/200
0: Epoch 62/200, Loss: 1.74040732420314
0: 2023-12-19 05:35:45,983 INFO Epoch 62 training_seconds: 25.47787880897522
0: 2023-12-19 05:35:45,983 INFO Start epoch 63/200
0: 2023-12-19 05:35:45,990 INFO Epoch 62/200, Loss: 1.7396604331862895
0: Start epoch 62/200
0: Epoch 62/200, Loss: 1.7396604331862895
0: 2023-12-19 05:35:45,991 INFO Epoch 62 training_seconds: 24.92264747619629
0: 2023-12-19 05:35:45,991 INFO Start epoch 63/200
0: Start epoch 62/200
0: Epoch 62/200, Loss: 1.7160900087307787
0: 2023-12-19 05:35:45,997 INFO Epoch 62 training_seconds: 25.48501443862915
0: 2023-12-19 05:35:45,997 INFO Start epoch 63/200
0: Start epoch 62/200
0: Epoch 62/200, Loss: 1.722308926265258
0: 2023-12-19 05:35:46,009 INFO Epoch 62 training_seconds: 24.939505100250244
0: 2023-12-19 05:35:46,009 INFO Start epoch 63/200
0: 2023-12-19 05:36:11,418 INFO Epoch 63/200, Loss: 1.7213099298574734
0: Start epoch 63/200
0: Epoch 63/200, Loss: 1.7213099298574734
0: 2023-12-19 05:36:11,420 INFO Epoch 63 training_seconds: 25.408151149749756
0: 2023-12-19 05:36:11,420 INFO Start epoch 64/200
0: 2023-12-19 05:36:11,474 INFO Epoch 63/200, Loss: 1.742496152363165
0: Start epoch 63/200
0: Epoch 63/200, Loss: 1.742496152363165
0: 2023-12-19 05:36:11,474 INFO Epoch 63 training_seconds: 25.48256492614746
0: 2023-12-19 05:36:11,474 INFO Start epoch 64/200
0: 2023-12-19 05:36:11,493 INFO Epoch 63/200, Loss: 1.733868633999544
0: Start epoch 63/200
0: Epoch 63/200, Loss: 1.733868633999544
0: 2023-12-19 05:36:11,494 INFO Epoch 63 training_seconds: 25.509318590164185
0: 2023-12-19 05:36:11,494 INFO Start epoch 64/200
0: 2023-12-19 05:36:11,970 INFO Epoch 63/200, Loss: 1.709053521266069
0: Start epoch 63/200
0: Epoch 63/200, Loss: 1.709053521266069
0: 2023-12-19 05:36:11,970 INFO Epoch 63 training_seconds: 25.9717960357666
0: 2023-12-19 05:36:11,970 INFO Start epoch 64/200
0: 2023-12-19 05:36:36,813 INFO Epoch 64/200, Loss: 1.7332522100804713
0: 2023-12-19 05:36:36,814 INFO Epoch 64/200, Loss: 1.7119475273829896
0: Start epoch 64/200
0: Epoch 64/200, Loss: 1.7332522100804713Start epoch 64/200
0: 
0: Epoch 64/200, Loss: 1.7119475273829896
0: 2023-12-19 05:36:36,815 INFO Epoch 64 training_seconds: 25.319056272506714
0: 2023-12-19 05:36:36,815 INFO Epoch 64 training_seconds: 24.84352159500122
0: 2023-12-19 05:36:36,815 INFO Start epoch 65/200
0: 2023-12-19 05:36:36,815 INFO Start epoch 65/200
0: 2023-12-19 05:36:36,846 INFO Epoch 64/200, Loss: 1.720559890922683
0: Start epoch 64/200
0: Epoch 64/200, Loss: 1.720559890922683
0: 2023-12-19 05:36:36,846 INFO Epoch 64 training_seconds: 25.4254891872406
0: 2023-12-19 05:36:36,846 INFO Start epoch 65/200
0: 2023-12-19 05:36:36,881 INFO Epoch 64/200, Loss: 1.735874229684815
0: Start epoch 64/200
0: Epoch 64/200, Loss: 1.735874229684815
0: 2023-12-19 05:36:36,881 INFO Epoch 64 training_seconds: 25.405945539474487
0: 2023-12-19 05:36:36,881 INFO Start epoch 65/200
0: 2023-12-19 05:37:02,382 INFO Epoch 65/200, Loss: 1.706668799185692
0: Start epoch 65/200
0: Epoch 65/200, Loss: 1.706668799185692
0: 2023-12-19 05:37:02,383 INFO Epoch 65 training_seconds: 25.566040515899658
0: 2023-12-19 05:37:02,383 INFO Start epoch 66/200
0: 2023-12-19 05:37:02,429 INFO Epoch 65/200, Loss: 1.730316684069231
0: Start epoch 65/200
0: Epoch 65/200, Loss: 1.730316684069231
0: 2023-12-19 05:37:02,430 INFO Epoch 65 training_seconds: 25.613584756851196
0: 2023-12-19 05:37:02,430 INFO Start epoch 66/200
0: 2023-12-19 05:37:02,433 INFO Epoch 65/200, Loss: 1.7320433858105593
0: Start epoch 65/200
0: Epoch 65/200, Loss: 1.7320433858105593
0: 2023-12-19 05:37:02,434 INFO Epoch 65 training_seconds: 25.552127838134766
0: 2023-12-19 05:37:02,434 INFO Start epoch 66/200
0: 2023-12-19 05:37:02,678 INFO Epoch 65/200, Loss: 1.7137089132347985
0: Start epoch 65/200
0: 
0: Epoch 65/200, Loss: 1.7137089132347985
0: 2023-12-19 05:37:02,679 INFO Epoch 65 training_seconds: 25.831542491912842
0: 2023-12-19 05:37:02,679 INFO Start epoch 66/200
0: 2023-12-19 05:37:28,537 INFO Epoch 66/200, Loss: 1.731430756161585
0: 2023-12-19 05:37:28,537 INFO Epoch 66/200, Loss: 1.705995967625962
0: 2023-12-19 05:37:28,538 INFO Epoch 66/200, Loss: 1.714531597578922
0: Start epoch 66/200
0: Epoch 66/200, Loss: 1.731430756161585
0: 2023-12-19 05:37:28,539 INFO Epoch 66 training_seconds: 26.106382369995117
0: 2023-12-19 05:37:28,539 INFO Start epoch 67/200
0: Start epoch 66/200
0: Epoch 66/200, Loss: 1.705995967625962
0: 2023-12-19 05:37:28,542 INFO Epoch 66 training_seconds: 26.152996301651
0: 2023-12-19 05:37:28,542 INFO Start epoch 67/200
0: 2023-12-19 05:37:28,548 INFO Epoch 66/200, Loss: 1.7352267015925453
0: Start epoch 66/200
0: Epoch 66/200, Loss: 1.7352267015925453
0: 2023-12-19 05:37:28,548 INFO Epoch 66 training_seconds: 26.113656044006348
0: 2023-12-19 05:37:28,548 INFO Start epoch 67/200
0: Start epoch 66/200
0: Epoch 66/200, Loss: 1.714531597578922
0: 2023-12-19 05:37:28,550 INFO Epoch 66 training_seconds: 25.85893964767456
0: 2023-12-19 05:37:28,550 INFO Start epoch 67/200
0: 2023-12-19 05:37:53,798 INFO Epoch 67/200, Loss: 1.7316710881869812
0: Start epoch 67/200
0: Epoch 67/200, Loss: 1.7316710881869812
0: 2023-12-19 05:37:53,800 INFO Epoch 67 training_seconds: 25.24939513206482
0: 2023-12-19 05:37:53,800 INFO Start epoch 68/200
0: 2023-12-19 05:37:53,841 INFO Epoch 67/200, Loss: 1.708793862701377
0: Start epoch 67/200
0: Epoch 67/200, Loss: 1.708793862701377
0: 2023-12-19 05:37:53,841 INFO Epoch 67 training_seconds: 25.29020404815674
0: 2023-12-19 05:37:53,841 INFO Start epoch 68/200
0: 2023-12-19 05:37:54,103 INFO Epoch 67/200, Loss: 1.7014078002451631
0: Start epoch 67/200
0: Epoch 67/200, Loss: 1.7014078002451631
0: 2023-12-19 05:37:54,104 INFO Epoch 67 training_seconds: 25.560967445373535
0: 2023-12-19 05:37:54,104 INFO Start epoch 68/200
0: 2023-12-19 05:37:54,282 INFO Epoch 67/200, Loss: 1.7307426725202204
0: Start epoch 67/200
0: Epoch 67/200, Loss: 1.7307426725202204
0: 2023-12-19 05:37:54,282 INFO Epoch 67 training_seconds: 25.742176294326782
0: 2023-12-19 05:37:54,282 INFO Start epoch 68/200
